\BOOKMARK [1][-]{section.1}{\376\377\000F\000u\000n\000c\000t\000i\000o\000n\000\040\000a\000n\000d\000\040\000S\000e\000t}{}% 1
\BOOKMARK [2][-]{subsection.1.1}{\376\377\000F\000u\000n\000c\000t\000i\000o\000n}{section.1}% 2
\BOOKMARK [3][-]{subsubsection.1.1.1}{\376\377\000C\000o\000m\000p\000o\000s\000i\000t\000i\000o\000n\000\040\000o\000f\000\040\000f\000u\000n\000c\000t\000i\000o\000n\000s}{subsection.1.1}% 3
\BOOKMARK [3][-]{subsubsection.1.1.2}{\376\377\000P\000r\000o\000p\000o\000s\000i\000t\000i\000o\000n\000\040\0001\000.\0001\000.\0003\000:\000\040\000A\000s\000s\000o\000c\000i\000a\000t\000i\000v\000i\000t\000y\000\040\000o\000f\000\040\000F\000u\000n\000c\000t\000i\000o\000n\000s}{subsection.1.1}% 4
\BOOKMARK [3][-]{subsubsection.1.1.3}{\376\377\000I\000n\000j\000e\000c\000t\000i\000v\000e\000,\000\040\000s\000u\000r\000j\000e\000c\000t\000i\000v\000e\000,\000\040\000b\000i\000j\000e\000c\000t\000i\000v\000e}{subsection.1.1}% 5
\BOOKMARK [3][-]{subsubsection.1.1.4}{\376\377\000L\000e\000m\000m\000a\000\040\0001\000.\0001\000.\0007\000:\000\040\116\044\116\052\000i\000n\000j\000e\000c\000t\000i\000v\000e\000/\000s\000u\000r\000j\000e\000c\000t\000i\000v\000e\000/\000b\000i\000j\000e\000c\000t\000i\000v\000e\166\204\145\271\172\013\166\204\000c\000o\000m\000p\000o\000s\000i\000t\000i\000o\000n\117\335\165\131\140\047\215\050}{subsection.1.1}% 6
\BOOKMARK [3][-]{subsubsection.1.1.5}{\376\377\000P\000r\000o\000p\000o\000s\000i\000t\000i\000o\000n\000\040\0001\000.\0001\000.\0008\000:\000\040\000I\000n\000v\000e\000r\000s\000e\000\040\000o\000f\000\040\000F\000u\000n\000c\000t\000i\000o\000n}{subsection.1.1}% 7
\BOOKMARK [2][-]{subsection.1.2}{\376\377\000S\000e\000t}{section.1}% 8
\BOOKMARK [3][-]{subsubsection.1.2.1}{\376\377\000W\000e\000l\000l\000\040\000D\000e\000f\000i\000n\000e\000d\000\040\000S\000e\000t}{subsection.1.2}% 9
\BOOKMARK [3][-]{subsubsection.1.2.2}{\376\377\000P\000o\000w\000e\000r\000\040\000S\000e\000t}{subsection.1.2}% 10
\BOOKMARK [3][-]{subsubsection.1.2.3}{\376\377\000C\000a\000r\000d\000i\000n\000a\000l\000i\000t\000i\000e\000s\000\040\000o\000f\000\040\000S\000e\000t\000s\000,\000\040\000P\000i\000g\000e\000o\000n\000h\000o\000l\000e\000\040\000P\000r\000i\000n\000c\000i\000p\000l\000e}{subsection.1.2}% 11
\BOOKMARK [3][-]{subsubsection.1.2.4}{\376\377\000B\000A\000:\000\040\000S\000e\000t\000s\000\040\000o\000f\000\040\000F\000u\000n\000c\000t\000i\000o\000n}{subsection.1.2}% 12
\BOOKMARK [3][-]{subsubsection.1.2.5}{\376\377\000O\000p\000e\000r\000a\000t\000i\000o\000n\000\040\000d\000e\000f\000i\000n\000i\000t\000i\000o\000n\000s}{subsection.1.2}% 13
\BOOKMARK [1][-]{section.2}{\376\377\000E\000q\000u\000i\000v\000a\000l\000e\000n\000c\000e\000\040\000r\000e\000l\000a\000t\000i\000o\000n\000s\000\040\000a\000n\000d\000\040\000P\000a\000r\000t\000i\000t\000i\000o\000n}{}% 14
\BOOKMARK [2][-]{subsection.2.1}{\376\377\000E\000q\000u\000i\000v\000a\000l\000e\000n\000c\000e\000\040\000r\000e\000l\000a\000t\000i\000o\000n\000s\377\010\164\006\140\047\173\111\116\367\166\204\133\232\116\111\377\011}{section.2}% 15
\BOOKMARK [2][-]{subsection.2.2}{\376\377\000P\000a\000r\000t\000i\000t\000i\000o\000n\377\010\156\341\215\263\116\015\221\315\123\340\377\014\145\340\122\151\117\131\166\204\000s\000e\000t\142\306\122\006\176\323\147\234\377\011}{section.2}% 16
\BOOKMARK [2][-]{subsection.2.3}{\376\377\000E\000q\000u\000i\000v\000a\000l\000e\000n\000c\000e\000\240\000c\000l\000a\000s\000s}{section.2}% 17
\BOOKMARK [3][-]{subsubsection.2.3.1}{\376\377\000[\000x\000]\000:\000\040\000e\000q\000u\000i\000v\000a\000l\000e\000n\000c\000e\000\240\000c\000l\000a\000s\000s}{subsection.2.3}% 18
\BOOKMARK [3][-]{subsubsection.2.3.2}{\376\377\000X\000/\000:\000\040\000s\000e\000t\000\040\000o\000f\000\040\000e\000q\000u\000i\000v\000a\000l\000e\000n\000c\000e\000\240\000c\000l\000a\000s\000s\000e\000s}{subsection.2.3}% 19
\BOOKMARK [2][-]{subsection.2.4}{\376\377\000R\000e\000l\000a\000t\000i\000o\000n\000s\000h\000i\000p\000\040\000o\000f\000\040\000E\000q\000u\000i\000v\000a\000l\000e\000n\000c\000e\000\040\000r\000e\000l\000a\000t\000i\000o\000n\000,\000\040\000S\000e\000t\000\040\000o\000f\000\040\000e\000q\000u\000i\000v\000a\000l\000e\000n\000c\000e\000\240\000c\000l\000a\000s\000s\000e\000s\000\040\000a\000n\000d\000\040\000P\000a\000r\000t\000i\000t\000i\000o\000n\000s}{section.2}% 20
\BOOKMARK [3][-]{subsubsection.2.4.1}{\376\377\000T\000h\000e\000o\000r\000e\000m\000\240\0001\000.\0002\000.\0007\000:\000\040\000E\000q\000u\000i\000v\000a\000l\000e\000n\000c\000e\000\040\000r\000e\000l\000a\000t\000i\000o\000n\000\040\000\040\000\040\000S\000e\000t\000\040\000o\000f\000\040\000e\000q\000u\000i\000v\000a\000l\000e\000n\000c\000e\000\240\000c\000l\000a\000s\000s\000e\000s\000\040\000X\000/\000;\000\040\000\173\000a\000l\000l\000\040\000S\000e\000t\000s\000\040\000o\000f\000\040\000e\000q\000u\000i\000v\000a\000l\000e\000n\000c\000e\000\240\000c\000l\000a\000s\000s\000e\000s\000\175\000=\000\173\000a\000l\000l\000\040\000P\000a\000r\000t\000i\000t\000i\000o\000n\000s\000\175}{subsection.2.4}% 21
\BOOKMARK [3][-]{subsubsection.2.4.2}{\376\377\000P\000r\000o\000p\000o\000s\000i\000t\000i\000o\000n\000\040\0001\000.\0002\000.\0001\0002\000:\000\040\150\071\143\156\176\323\147\234\000X\000/\000=\000\173\000[\000x\000]\000|\000x\000X\000\175\143\250\145\255\166\204\000\040\000e\000q\000u\000a\000l\000s\000\040\000t\000o\000\040\000.}{subsection.2.4}% 22
\BOOKMARK [3][-]{subsubsection.2.4.3}{\376\377\000P\000r\000o\000p\000o\000s\000i\000t\000i\000o\000n\000\040\0001\000.\0002\000.\0001\0003\000:\000\040\176\331\000X\150\007\213\260\000Y\000:\000\040\000f\000,\000\040\176\331\000X\000/\150\007\213\260\000Y\000\040\000:\000\040\377\014\377\033\116\044\121\375\145\160\116\113\225\364\116\000\116\000\133\371\136\224}{subsection.2.4}% 23
\BOOKMARK [1][-]{section.3}{\376\377\000P\000e\000r\000m\000u\000t\000a\000t\000i\000o\000n\000s\000\040\145\071\123\330\117\115\177\156}{}% 24
\BOOKMARK [2][-]{subsection.3.1}{\376\377\000S\000y\000m\000\050\000X\000\051\000=\000\173\000:\000\040\000X\000X\000|\000\040\000\040\000i\000s\000\040\000a\000\040\000b\000i\000j\000e\000c\000t\000i\000o\000n\000\040\000\175\000:\000\040\000p\000e\000r\000m\000u\000t\000a\000t\000i\000o\000n\000\040\000g\000r\000o\000u\000p\000\040\000o\000f\000\040\000X\000;\000\040\000e\000l\000e\000m\000e\000n\000t\000s\000\040\000i\000n\000\040\000S\000y\000m\000\050\000X\000\051\000:\000\040\000p\000e\000r\000m\000u\000t\000a\000t\000i\000o\000n\000s\000\040\000o\000f\000\040\000X}{section.3}% 25
\BOOKMARK [3][-]{subsubsection.3.1.1}{\376\377\000P\000r\000o\000p\000e\000r\000t\000i\000e\000s\000\040\000o\000f\000\040\000\040\000o\000n\000\040\000S\000y\000m\000\050\000X\000\051}{subsection.3.1}% 26
\BOOKMARK [3][-]{subsubsection.3.1.2}{\376\377\000S\000n\000:\000\040\000P\000e\000r\000m\000u\000t\000a\000t\000i\000o\000n\000\040\000g\000r\000o\000u\000p\000\040\000o\000n\000\040\000n\000\040\000e\000l\000e\000m\000e\000n\000t\000s\000,\000\040\000i}{subsection.3.1}% 27
\BOOKMARK [3][-]{subsubsection.3.1.3}{\376\377\000k\000-\000c\000y\000c\000l\000e\000,\000\040\000c\000y\000c\000l\000i\000c\000a\000l\000l\000y\000\040\000p\000e\000r\000m\000u\000t\000e\000/\000f\000i\000x}{subsection.3.1}% 28
\BOOKMARK [2][-]{subsection.3.2}{\376\377\000D\000i\000s\000j\000o\000i\000n\000t\000\040\000c\000y\000c\000l\000e\000s}{section.3}% 29
\BOOKMARK [3][-]{subsubsection.3.2.1}{\376\377\000T\000h\000e\000o\000r\000e\000m\000:\000\040\000E\000v\000e\000r\000y\000\040\000p\000e\000r\000m\000u\000t\000a\000t\000i\000o\000n\000\040\000i\000s\000\040\000a\000\040\000u\000n\000i\000o\000n\000\040\000o\000f\000\040\000d\000i\000s\000j\000o\000i\000n\000t\000\040\000c\000y\000c\000l\000e\000s\000,\000\040\000u\000n\000i\000q\000u\000e\000l\000y\000.}{subsection.3.2}% 30
\BOOKMARK [3][-]{subsubsection.3.2.2}{\376\377\000C\000y\000c\000l\000e\000\040\000S\000t\000r\000u\000c\000t\000u\000r\000e}{subsection.3.2}% 31
\BOOKMARK [2][-]{subsection.3.3}{\376\377\000T\000r\000a\000n\000s\000p\000o\000s\000i\000t\000i\000o\000n}{section.3}% 32
\BOOKMARK [3][-]{subsubsection.3.3.1}{\376\377\000T\000h\000e\000o\000r\000e\000m\000:\000\040\153\317\116\052\000p\000e\000r\000m\000u\000t\000a\000t\000i\000o\000n\123\357\116\345\165\061\202\345\136\162\116\052\377\010\123\357\200\375\116\015\000d\000i\000s\000j\000o\000i\000n\000t\166\204\377\011\000t\000r\000a\000n\000s\000p\000o\000s\000i\000t\000i\000o\000n\210\150\171\072}{subsection.3.3}% 33
\BOOKMARK [3][-]{subsubsection.3.3.2}{\376\377\000S\000i\000g\000n\000\040\000o\000f\000\040\000P\000e\000r\000m\000u\000t\000a\000t\000i\000o\000n}{subsection.3.3}% 34
\BOOKMARK [1][-]{section.4}{\376\377\000I\000n\000t\000e\000g\000e\000r\000s}{}% 35
\BOOKMARK [2][-]{subsection.4.1}{\376\377\000P\000r\000o\000p\000o\000s\000i\000t\000i\000o\000n\000\040\0001\000.\0004\000.\0001\000:\000\040\000P\000r\000o\000p\000e\000r\000t\000i\000e\000s\000\040\000o\000f\000\040\000i\000n\000t\000e\000g\000e\000r\000s\000\040\000Z}{section.4}% 36
\BOOKMARK [2][-]{subsection.4.2}{\376\377\000D\000e\000f\000i\000n\000i\000t\000i\000o\000n\000:\000\040\000D\000i\000v\000i\000d\000e}{section.4}% 37
\BOOKMARK [2][-]{subsection.4.3}{\376\377\000P\000r\000o\000p\000o\000s\000i\000t\000i\000o\000n\000\040\0001\000.\0004\000.\0002\000:\000\040\000p\000r\000o\000p\000e\000r\000t\000i\000e\000s\000\040\000o\000f\000\040\000i\000n\000t\000e\000g\000e\000r\000\040\000d\000i\000v\000i\000s\000i\000o\000n}{section.4}% 38
\BOOKMARK [2][-]{subsection.4.4}{\376\377\000D\000e\000f\000i\000n\000i\000t\000i\000o\000n\000s\000:\000\040\000P\000r\000i\000m\000e\000,\000\040\000T\000h\000e\000\040\000G\000r\000e\000a\000t\000e\000s\000t\000\040\000c\000o\000m\000m\000o\000n\000\040\000d\000i\000v\000i\000s\000o\000r\000\040\000g\000c\000d\000\050\000a\000,\000b\000\051}{section.4}% 39
\BOOKMARK [2][-]{subsection.4.5}{\376\377\000E\000u\000c\000l\000i\000d\000e\000a\000n\000\040\000A\000l\000g\000o\000r\000i\000t\000h\000m}{section.4}% 40
\BOOKMARK [2][-]{subsection.4.6}{\376\377\000P\000r\000o\000p\000o\000s\000i\000t\000i\000o\000n\000:\000\040\000g\000c\000d\000\050\000a\000,\000b\000\051\000\040\000e\000x\000i\000s\000t\000s\000\040\000a\000n\000d\000\040\000i\000s\000\040\000t\000h\000e\000\040\000s\000m\000a\000l\000l\000e\000s\000t\000\040\000p\000o\000s\000i\000t\000i\000v\000e\000\040\000i\000n\000t\000e\000g\000e\000r\000\040\000i\000n\000\040\000t\000h\000e\000\040\000s\000e\000t\000\040\000M\000=\000\173\000m\000a\000+\000n\000b\000|\000m\000,\000n\000Z\000\175}{section.4}% 41
\BOOKMARK [2][-]{subsection.4.7}{\376\377\000W\000e\000l\000l\000-\000O\000r\000d\000e\000r\000i\000n\000g\000\040\000P\000r\000i\000n\000c\000i\000p\000l\000e\000\040\000\050\000L\000e\000a\000s\000t\000\040\000I\000n\000t\000e\000g\000e\000r\000\040\000A\000x\000i\000o\000m\000\051}{section.4}% 42
\BOOKMARK [2][-]{subsection.4.8}{\376\377\000P\000r\000o\000p\000o\000s\000i\000t\000i\000o\000n\000\040\0001\000.\0004\000.\0001\0000\000:\000\040\000g\000c\000d\000\050\000b\000,\000c\000\051\000,\000\040\000b\000|\000a\000c\000\040\000\040\000b\000|\000a}{section.4}% 43
\BOOKMARK [3][-]{subsubsection.4.8.1}{\376\377\000C\000o\000r\000o\000l\000l\000a\000r\000y\000:\000\040\000p\000|\000a\000b\000\040\000\040\000p\000|\000a\000\040\000o\000r\000\040\000p\000|\000b}{subsection.4.8}% 44
\BOOKMARK [2][-]{subsection.4.9}{\376\377\000F\000u\000n\000d\000a\000m\000e\000n\000t\000a\000l\000\040\000T\000h\000e\000o\000r\000e\000m\000\040\000o\000f\000\040\000A\000r\000i\000t\000h\000m\000e\000t\000i\000c\000:\000\040\000A\000n\000y\000\040\000i\000n\000t\000e\000g\000e\000r\000\040\000a\000\040\0002\000\040\000h\000a\000s\000\040\000a\000\040\000u\000n\000i\000q\000u\000e\000\040\000p\000r\000i\000m\000e\000\040\000f\000a\000c\000t\000o\000r\000i\000z\000a\000t\000i\000o\000n}{section.4}% 45
\BOOKMARK [3][-]{subsubsection.4.9.1}{\376\377\000E\000x\000i\000s\000t\000e\000n\000c\000e}{subsection.4.9}% 46
\BOOKMARK [3][-]{subsubsection.4.9.2}{\376\377\000U\000n\000i\000q\000u\000e\000n\000e\000s\000s}{subsection.4.9}% 47
\BOOKMARK [1][-]{section.5}{\376\377\000M\000o\000d\000u\000l\000a\000r\000\040\000a\000r\000i\000t\000h\000m\000e\000t\000i\000c}{}% 48
\BOOKMARK [2][-]{subsection.5.1}{\376\377\000C\000o\000n\000g\000r\000u\000e\000n\000c\000e\000s}{section.5}% 49
\BOOKMARK [3][-]{subsubsection.5.1.1}{\376\377\000C\000o\000n\000g\000r\000u\000e\000n\000t\000\040\000m\000o\000d\000u\000l\000o\000\040\000m\000:\000\040\000a\000b\000\040\000\040\000m\000o\000d\000\040\000m}{subsection.5.1}% 50
\BOOKMARK [3][-]{subsubsection.5.1.2}{\376\377\000P\000r\000o\000p\000o\000s\000i\000t\000i\000o\000n\000:\000\040\000F\000o\000r\000\040\000f\000i\000x\000e\000d\000\040\000m\0002\000,\000\040\000t\000h\000e\000\040\000r\000e\000l\000a\000t\000i\000o\000n\000\040\000"\000a\000b\000\040\000\040\000a\000b\000\040\000m\000o\000d\000\040\000m\000"\000\040\000i\000s\000\040\000a\000n\000\040\000e\000q\000u\000i\000v\000a\000l\000e\000n\000c\000e\000\040\000r\000e\000l\000a\000t\000i\000o\000n}{subsection.5.1}% 51
\BOOKMARK [3][-]{subsubsection.5.1.3}{\376\377\000T\000h\000e\000o\000r\000e\000m\000:\000\040\000t\000h\000e\000\040\000e\000q\000u\000i\000v\000a\000l\000e\000n\000c\000e\000\040\000r\000e\000l\000a\000t\000i\000o\000n\000\040\000"\000a\000b\000\040\000\040\000a\000b\000\040\000m\000o\000d\000\040\000m\000"\000\040\000p\000a\000r\000t\000i\000t\000i\000o\000n\000s\000\040\000t\000h\000e\000\040\000i\000n\000t\000e\000g\000e\000r\000s\000\040\000i\000n\000t\000o\000\040\000m\000\040\000d\000i\000s\000j\000o\000i\000n\000t\000\040\000s\000e\000t\000s\000\040\000i\000=\000\173\000a\000|\000a\000i\000\175\000,\000i\000=\0000\000,\0001\000,\000.\000.\000.\000,\000m\000-\0001}{subsection.5.1}% 52
\BOOKMARK [3][-]{subsubsection.5.1.4}{\376\377\000P\000r\000o\000p\000o\000s\000i\000t\000i\000o\000n\000:\000\040\000A\000d\000d\000i\000t\000i\000o\000n\000\040\000a\000n\000d\000\040\000M\000u\000t\000i\000p\000l\000i\000c\000a\000t\000i\000o\000n\000\040\000o\000f\000\040\000C\000o\000n\000g\000r\000u\000e\000n\000c\000e\000s}{subsection.5.1}% 53
\BOOKMARK [2][-]{subsection.5.2}{\376\377\000S\000o\000l\000v\000i\000n\000g\000\040\000L\000i\000n\000e\000a\000r\000\040\000E\000q\000u\000a\000t\000i\000o\000n\000s\000\040\000o\000n\000\040\000M\000o\000d\000u\000l\000a\000r\000\040\000m}{section.5}% 54
\BOOKMARK [3][-]{subsubsection.5.2.1}{\376\377\000T\000h\000e\000o\000r\000m\000:\000\040\000u\000n\000i\000q\000u\000e\000\040\000s\000o\000l\000u\000t\000i\000o\000n\000\040\000o\000f\000\040\000a\000X\000b\000\040\000\040\000m\000o\000d\000\040\000m\000\040\000i\000f\000\040\000g\000c\000d\000\050\000a\000,\000m\000\051\000=\0001}{subsection.5.2}% 55
\BOOKMARK [2][-]{subsection.5.3}{\376\377\000C\000h\000i\000n\000e\000s\000e\000\040\000R\000e\000m\000a\000i\000n\000d\000a\000r\000\040\000T\000h\000e\000o\000r\000e\000m\000\040\000\050\000C\000R\000T\000\051\000:\000\040\000u\000n\000i\000q\000u\000e\000\040\000s\000o\000l\000u\000t\000i\000o\000n\000\040\000f\000o\000r\000\040\000x\000\040\000m\000o\000d\000u\000l\000o\000\040\000m\000n}{section.5}% 56
\BOOKMARK [2][-]{subsection.5.4}{\376\377\000C\000o\000n\000g\000r\000u\000e\000n\000c\000e\000\040\000C\000l\000a\000s\000s\000e\000s\000:\000\040\000[\000a\000]\000n\000=\000\173\000a\000+\000k\000n\000|\000k\000Z\000\040\000\175}{section.5}% 57
\BOOKMARK [3][-]{subsubsection.5.4.1}{\376\377\000S\000e\000t\000\040\000o\000f\000\040\000c\000o\000n\000g\000r\000u\000e\000n\000c\000e\000\040\000c\000l\000a\000s\000s\000e\000s\000\040\000o\000f\000\040\000m\000o\000d\000\040\000n\000:\000\040\000Z\000n\000\040\000=\000\040\000\173\000[\000a\000]\000n\000|\000a\000\040\000Z\000\175\000=\000\173\000[\0000\000]\000,\000[\0001\000]\000,\000.\000.\000.\000,\000[\000n\000-\0001\000]\000\175}{subsection.5.4}% 58
\BOOKMARK [3][-]{subsubsection.5.4.2}{\376\377\000P\000r\000o\000p\000o\000s\000i\000t\000i\000o\000n\000\040\0001\000.\0005\000.\0005\000:\000\040\000A\000d\000d\000i\000t\000i\000o\000n\000\040\000a\000n\000d\000\040\000M\000u\000l\000t\000i\000p\000l\000i\000c\000a\000t\000i\000o\000n\000\040\000o\000n\000\040\000C\000o\000n\000g\000r\000u\000e\000n\000c\000e\000\040\000C\000l\000a\000s\000s\000e\000s}{subsection.5.4}% 59
\BOOKMARK [3][-]{subsubsection.5.4.3}{\376\377\000U\000n\000i\000t\000s\000\050\000i\000.\000e\000.\000\040\000i\000n\000v\000e\000r\000t\000i\000b\000l\000e\000\051\000\040\000i\000n\000\040\000C\000o\000n\000g\000r\000u\000e\000n\000c\000e\000\040\000C\000l\000a\000s\000s\000e\000s}{subsection.5.4}% 60
\BOOKMARK [3][-]{subsubsection.5.4.4}{\376\377\000P\000r\000o\000p\000o\000s\000i\000t\000i\000o\000n\000\040\0001\000.\0005\000.\0006\000:\000\040\000S\000e\000t\000\040\000o\000f\000\040\000u\000n\000i\000t\000s\000\040\000i\000n\000\040\000c\000o\000n\000g\000r\000u\000e\000n\000c\000e\000\040\000c\000l\000a\000s\000s\000e\000s\000:\000\040\000Z\000n\000=\000\173\000[\000a\000]\000Z\000n\000|\000[\000a\000]\000\040\000\040\000i\000s\000\040\000a\000\040\000u\000n\000i\000t\000\175\000=\000\173\000[\000a\000]\000Z\000n\000|\000g\000c\000d\000\050\000a\000,\000n\000\051\000=\0001\000\175}{subsection.5.4}% 61
\BOOKMARK [3][-]{subsubsection.5.4.5}{\376\377\000C\000o\000r\000o\000l\000l\000a\000r\000y\000\040\0001\000.\0005\000.\0007\000:\000\040\000i\000f\000\040\000p\000\040\000i\000s\000\040\000p\000r\000i\000m\000e\000,\000\040\000\050\000p\000\051\000=\000Z\000p\000=\000\173\000[\0001\000]\000,\000[\0002\000]\000,\000.\000.\000.\000,\000[\000p\000-\0001\000]\000\040\000\175}{subsection.5.4}% 62
\BOOKMARK [2][-]{subsection.5.5}{\376\377\000E\000u\000l\000e\000r\000\040\000p\000h\000i\000-\000f\000u\000n\000c\000t\000i\000o\000n\000:\000\040\000\050\000n\000\051\000=\000|\000Z\000n\000|}{section.5}% 63
\BOOKMARK [3][-]{subsubsection.5.5.1}{\376\377\000m\000|\000n\000,\000\040\000m\000,\000n\000\050\000[\000a\000]\000n\000\051\000=\000[\000a\000]\000m}{subsection.5.5}% 64
\BOOKMARK [2][-]{subsection.5.6}{\376\377\000T\000h\000e\000o\000r\000e\000m\000\040\0001\000.\0005\000.\0008\000\050\000C\000h\000i\000n\000e\000s\000e\000\040\000R\000e\000m\000a\000i\000n\000d\000e\000r\000\040\000T\000h\000e\000o\000r\000e\000m\000\051\000:\000\040\000n\000=\000m\000k\000,\000g\000c\000d\000\050\000m\000,\000k\000\051\000=\0001\000,\000\040\000F\000\050\000[\000a\000]\000n\000\051\000=\000\050\000m\000,\000n\000\050\000[\000a\000]\000n\000\051\000,\000k\000,\000n\000\050\000[\000a\000]\000n\000\051\000\051\000=\000\050\000[\000a\000]\000m\000,\000[\000a\000]\000k\000\051}{section.5}% 65
\BOOKMARK [3][-]{subsubsection.5.6.1}{\376\377\000P\000r\000o\000p\000o\000s\000i\000t\000i\000o\000n\000\040\0001\000.\0005\000.\0009\000+\000C\000o\000r\000o\000l\000l\000a\000r\000y\000\040\0001\000.\0005\000.\0001\0000\000:\000\040\000m\000,\000n\000,\000k\000>\0000\000,\000n\000=\000m\000k\000,\000g\000c\000d\000\050\000m\000,\000k\000\051\000=\0001\000,\000\040\000t\000h\000e\000n\000\040\000F\000\050\000Z\000n\000\051\000=\000Z\000m\000Z\000k\000,\000\040\000t\000h\000e\000n\000\040\000\050\000n\000\051\000=\000\050\000m\000\051\000\050\000k\000\051}{subsection.5.6}% 66
\BOOKMARK [2][-]{subsection.5.7}{\376\377\000p\000r\000i\000m\000e\000\040\000f\000a\000c\000t\000o\000r\000i\000z\000a\000t\000i\000o\000n\000:\000\040\000n\000=\000p\0001\000r\0001\000.\000.\000.\000p\000k\000r\000k\000,\000\040\000t\000h\000e\000n\000\040\000\050\000n\000\051\000=\000\050\000p\0001\000-\0001\000\051\000p\0001\000r\0001\000-\0001\000.\000.\000.\000\050\000p\000k\000-\0001\000\051\000p\000k\000r\000k\000-\0001}{section.5}% 67
\BOOKMARK [1][-]{section.6}{\376\377\000G\000r\000o\000u\000p}{}% 68
\BOOKMARK [2][-]{subsection.6.1}{\376\377\000G\000r\000o\000u\000p\000\040\000\050\000G\000,\000\040\000*\000\051\000:\000\040\000a\000\040\000s\000e\000t\000\040\000w\000i\000t\000h\000\040\000a\000\040\000b\000i\000n\000a\000r\000y\000\040\000o\000p\000e\000r\000a\000t\000i\000o\000n\000\050\000a\000s\000s\000o\000c\000i\000a\000t\000i\000v\000e\000,\000\040\000i\000d\000e\000n\000t\000i\000t\000y\000,\000\040\000i\000n\000v\000e\000r\000s\000e\000\051}{section.6}% 69
\BOOKMARK [3][-]{subsubsection.6.1.1}{\376\377\000D\000e\000f\000i\000n\000i\000t\000i\000o\000n}{subsection.6.1}% 70
\BOOKMARK [3][-]{subsubsection.6.1.2}{\376\377\000U\000n\000i\000q\000u\000e\000n\000e\000s\000s\000\040\000o\000f\000\040\000i\000d\000e\000n\000t\000i\000t\000y\000\040\000a\000n\000d\000\040\000i\000n\000v\000e\000r\000s\000e}{subsection.6.1}% 71
\BOOKMARK [3][-]{subsubsection.6.1.3}{\376\377\000E\000x\000a\000m\000p\000l\000e\000s\000:\000\040\000P\000e\000r\000m\000u\000t\000a\000t\000i\000o\000n\000\040\000g\000r\000o\000u\000p\000\040\000S\000y\000m\000\050\000X\000\051\000,\000\040\000K\000l\000e\000i\000n\000\040\0004\000-\000g\000r\000o\000u\000p\000,\000\040\000a\000l\000t\000e\000r\000n\000a\000t\000i\000n\000g\000\040\000g\000r\000o\000u\000p\000\040\000A\000n\000,\000\040\000D\000i\000h\000e\000d\000r\000a\000l\000\040\000g\000r\000o\000u\000p}{subsection.6.1}% 72
\BOOKMARK [3][-]{subsubsection.6.1.4}{\376\377\000C\000a\000n\000c\000e\000l\000a\000t\000i\000o\000n\000\040\000L\000a\000w\000s}{subsection.6.1}% 73
\BOOKMARK [3][-]{subsubsection.6.1.5}{\376\377\000U\000n\000i\000q\000u\000e\000\040\000S\000o\000l\000u\000t\000i\000o\000n\000\040\000o\000f\000\040\000L\000i\000n\000e\000a\000r\000\040\000E\000q\000u\000a\000t\000i\000o\000n}{subsection.6.1}% 74
\BOOKMARK [2][-]{subsection.6.2}{\376\377\000S\000u\000b\000g\000r\000o\000u\000p\000:\000\040\000H\000G}{section.6}% 75
\BOOKMARK [3][-]{subsubsection.6.2.1}{\376\377\000P\000r\000o\000p\000o\000s\000i\000t\000i\000o\000n\000\040\0002\000.\0006\000.\0008\000:\000\040\000H\000<\000G\000,\000\040\000\050\000H\000,\000*\000\051\000\040\000i\000s\000\040\000a\000\040\000g\000r\000o\000u\000p\000:\000\040\000A\000\040\000g\000r\000o\000u\000p\000'\000s\000\040\000o\000p\000e\000r\000a\000t\000i\000o\000n\000\040\000w\000i\000t\000h\000\040\000i\000t\000s\000\040\000a\000n\000y\000\040\000s\000u\000b\000g\000r\000o\000u\000p\000\040\000i\000s\000\040\000a\000l\000s\000o\000\040\000a\000\040\000g\000r\000o\000u\000p}{subsection.6.2}% 76
\BOOKMARK [2][-]{subsection.6.3}{\376\377\000S\000o\000m\000e\000\040\000P\000r\000o\000p\000e\000r\000t\000i\000e\000s\000\040\000o\000f\000\040\000G\000r\000o\000u\000p\000\040\000O\000p\000e\000r\000a\000t\000i\000o\000n}{section.6}% 77
\BOOKMARK [2][-]{subsection.6.4}{\376\377\000P\000o\000w\000e\000r\000\040\000o\000f\000\040\000a\000n\000\040\000E\000l\000e\000m\000e\000n\000t}{section.6}% 78
\BOOKMARK [2][-]{subsection.6.5}{\376\377\000\050\000G\000H\000,\000\040\000\051\000:\000\040\000D\000i\000r\000e\000c\000t\000\040\000P\000r\000o\000d\000u\000c\000t\000\040\000o\000f\000\040\000G\000\040\000a\000n\000d\000\040\000H}{section.6}% 79
\BOOKMARK [3][-]{subsubsection.6.5.1}{\376\377\000P\000r\000o\000p\000o\000s\000i\000t\000i\000o\000n\000\040\0003\000.\0001\000.\0007\000:\000\040\000\050\000G\000H\000,\000\040\000\051\000\040\000i\000s\000\040\000a\000\040\000g\000r\000o\000u\000p}{subsection.6.5}% 80
\BOOKMARK [2][-]{subsection.6.6}{\376\377\000S\000u\000b\000g\000r\000o\000u\000p\000s\000\040\000a\000n\000d\000\040\000C\000y\000c\000l\000i\000c\000\040\000G\000r\000o\000u\000p\000s}{section.6}% 81
\BOOKMARK [3][-]{subsubsection.6.6.1}{\376\377\000I\000n\000t\000e\000r\000s\000e\000c\000t\000i\000o\000n\000\040\000o\000f\000\040\000S\000u\000b\000g\000r\000o\000u\000p\000s\000\040\000i\000s\000\040\000a\000\040\000S\000u\000b\000g\000r\000o\000u\000p}{subsection.6.6}% 82
\BOOKMARK [3][-]{subsubsection.6.6.2}{\376\377\000S\000u\000b\000g\000r\000o\000u\000p\000\040\000G\000e\000n\000e\000r\000a\000t\000e\000d\000\040\000b\000y\000\040\000A\000:\000\040\000A}{subsection.6.6}% 83
\BOOKMARK [3][-]{subsubsection.6.6.3}{\376\377\000C\000y\000c\000l\000i\000c\000\040\000G\000r\000o\000u\000p\000:\000\040\000g\000r\000o\000u\000p\000\040\000g\000e\000n\000e\000r\000a\000t\000e\000d\000\040\000b\000y\000\040\000a\000n\000\040\000e\000l\000e\000m\000e\000n\000t}{subsection.6.6}% 84
\BOOKMARK [3][-]{subsubsection.6.6.4}{\376\377\000C\000y\000c\000l\000i\000c\000\040\000S\000u\000b\000g\000r\000o\000u\000p}{subsection.6.6}% 85
\BOOKMARK [3][-]{subsubsection.6.6.5}{\376\377\000S\000u\000b\000g\000r\000o\000u\000p\000s\000\040\000o\000f\000\040\000a\000\040\000C\000y\000c\000l\000i\000c\000\040\000G\000r\000o\000u\000p\000\040\000m\000u\000s\000t\000\040\000b\000e\000\040\000C\000y\000c\000l\000i\000c}{subsection.6.6}% 86
\BOOKMARK [3][-]{subsubsection.6.6.6}{\376\377\000T\000h\000e\000o\000r\000e\000m\000:\000\040\000a\000v\000<\000a\000n\000\040\000\040\000a\000v\000=\000a\000d\000,\000\040\000d\000=\000g\000c\000d\000\050\000v\000,\000n\000\051\000,\000\040\000|\000a\000v\000|\000=\000n\000d}{subsection.6.6}% 87
\BOOKMARK [3][-]{subsubsection.6.6.7}{\376\377\000C\000o\000r\000o\000l\000l\000a\000r\000y\000\040\0003\000.\0002\000.\0004\000:\000\040\000G\000\040\000i\000s\000\040\000a\000\040\000c\000y\000c\000l\000i\000c\000\040\000g\000r\000o\000u\000p\000\040\000\040\000G\000\040\000i\000s\000\040\000a\000b\000e\000l\000i\000a\000n}{subsection.6.6}% 88
\BOOKMARK [3][-]{subsubsection.6.6.8}{\376\377\000E\000q\000u\000i\000v\000a\000l\000e\000n\000t\000\040\000p\000r\000o\000p\000e\000r\000t\000i\000e\000s\000\040\000o\000f\000\040\000o\000r\000d\000e\000r\000\040\000o\000f\000\040\000g\000:\000\040\000|\000g\000|\000=\000|\000g\000|\000<}{subsection.6.6}% 89
\BOOKMARK [3][-]{subsubsection.6.6.9}{\376\377\000\050\000Z\000,\000+\000\051\000\040\000T\000h\000e\000o\000r\000e\000m\000\040\0003\000.\0002\000.\0009\000:\000\040\000a\000<\000b\000\040\000i\000f\000\040\000a\000n\000d\000\040\000o\000n\000l\000y\000\040\000i\000f\000\040\000b\000|\000a}{subsection.6.6}% 90
\BOOKMARK [3][-]{subsubsection.6.6.10}{\376\377\000\050\000Z\000n\000,\000+\000\051\000\040\000T\000h\000e\000o\000r\000e\000m\000\040\0003\000.\0002\000.\0001\0000\000:\000\040\000[\000d\000]\000<\000[\000d\000'\000]\000\040\000i\000f\000\040\000a\000n\000d\000\040\000o\000n\000l\000y\000\040\000i\000f\000\040\000d\000'\000|\000d}{subsection.6.6}% 91
\BOOKMARK [3][-]{subsubsection.6.6.11}{\376\377\000S\000u\000b\000g\000r\000o\000u\000p\000\040\000L\000a\000t\000t\000i\000c\000e}{subsection.6.6}% 92
\BOOKMARK [2][-]{subsection.6.7}{\376\377\000H\000o\000m\000o\000m\000o\000r\000p\000h\000i\000s\000m}{section.6}% 93
\BOOKMARK [3][-]{subsubsection.6.7.1}{\376\377\000D\000e\000f\000i\000n\000i\000t\000i\000o\000n\000:\000\040\000H\000o\000m\000o\000m\000o\000r\000p\000h\000i\000s\000m}{subsection.6.7}% 94
\BOOKMARK [3][-]{subsubsection.6.7.2}{\376\377\000P\000r\000o\000p\000e\000r\000t\000i\000e\000s\000\040\000o\000f\000\040\000H\000o\000m\000o\000m\000o\000r\000p\000h\000i\000s\000m}{subsection.6.7}% 95
\BOOKMARK [3][-]{subsubsection.6.7.3}{\376\377\000K\000e\000r\000n\000e\000l\000\040\000o\000f\000\040\000H\000o\000m\000o\000m\000o\000r\000p\000h\000i\000s\000m}{subsection.6.7}% 96
\BOOKMARK [2][-]{subsection.6.8}{\376\377\000I\000s\000o\000m\000o\000r\000p\000h\000i\000s\000m}{section.6}% 97
\BOOKMARK [3][-]{subsubsection.6.8.1}{\376\377\000D\000e\000f\000i\000n\000i\000t\000i\000o\000n\000:\000\040\000I\000s\000o\000m\000o\000r\000p\000h\000i\000s\000m}{subsection.6.8}% 98
\BOOKMARK [3][-]{subsubsection.6.8.2}{\376\377\000T\000h\000e\000o\000r\000e\000m\000:\000\040\000\173\000\040\000:\000\040\000G\000\040\000G\000'\000\040\000i\000n\000j\000e\000c\000t\000i\000v\000e\000\040\000\050\000x\000y\000\051\000=\000\050\000x\000\051\000\050\000y\000\051\000\040\000x\000,\000y\000G\000\040\000.\000\040\000\050\000G\000\051\000G\000'\000,\000\040\000G\000\040\000i\000s\000\040\000i\000s\000o\000m\000o\000r\000p\000h\000i\000c\000\040\000t\000o\000\040\000\050\000G\000\051}{subsection.6.8}% 99
\BOOKMARK [3][-]{subsubsection.6.8.3}{\376\377\000C\000a\000y\000l\000e\000y\000\040\000T\000h\000e\000o\000r\000e\000m\000:\000\040\000G\000\040\000i\000s\000\040\000i\000s\000o\000m\000o\000r\000p\000h\000i\000c\000\040\000t\000o\000\040\000a\000\040\000s\000u\000b\000g\000r\000o\000u\000p\000\040\000o\000f\000\040\000S\000G}{subsection.6.8}% 100
\BOOKMARK [2][-]{subsection.6.9}{\376\377\000C\000o\000s\000e\000t\000\040\000a\000n\000d\000\040\000O\000r\000d\000e\000r}{section.6}% 101
\BOOKMARK [3][-]{subsubsection.6.9.1}{\376\377\000i\000n\000d\000e\000x\000\040\000o\000f\000\040\000a\000\040\000s\000u\000b\000g\000r\000o\000u\000p}{subsection.6.9}% 102
\BOOKMARK [3][-]{subsubsection.6.9.2}{\376\377\000L\000a\000g\000r\000a\000n\000g\000e\000\040\000T\000h\000e\000o\000r\000e\000m\000:\000\040\000O\000r\000d\000e\000r\000\040\000o\000f\000\040\000s\000u\000b\000g\000r\000o\000u\000p\000\040\000d\000i\000v\000i\000d\000e\000s\000\040\000t\000h\000e\000\040\000o\000r\000d\000e\000r\000\040\000o\000f\000\040\000g\000r\000o\000u\000p}{subsection.6.9}% 103
\BOOKMARK [3][-]{subsubsection.6.9.3}{\376\377\000T\000h\000e\000o\000e\000r\000m\000:\000\040\000O\000r\000d\000e\000r\000\040\000o\000f\000\040\000e\000l\000e\000m\000e\000n\000t\000\040\000a\000G\000\040\000=\000|\000a\000|\000\040\000d\000i\000v\000i\000d\000e\000s\000\040\000|\000G\000|}{subsection.6.9}% 104
\BOOKMARK [3][-]{subsubsection.6.9.4}{\376\377\000T\000h\000e\000o\000r\000e\000m\000:\000\040\000O\000r\000d\000e\000r\000\040\000n\000\040\000c\000y\000c\000l\000i\000c\000\040\000g\000r\000o\000u\000p\000\040\000i\000s\000\040\000i\000s\000o\000m\000o\000r\000p\000h\000i\000c\000\040\000t\000o\000\040\000\050\000Z\000n\000,\000+\000n\000\051}{subsection.6.9}% 105
\BOOKMARK [2][-]{subsection.6.10}{\376\377\000D\000i\000r\000e\000c\000t\000\040\000P\000r\000o\000d\000u\000c\000t\000s}{section.6}% 106
\BOOKMARK [3][-]{subsubsection.6.10.1}{\376\377\000C\000a\000r\000t\000e\000s\000i\000a\000n\000\040\000p\000r\000o\000d\000u\000c\000t}{subsection.6.10}% 107
\BOOKMARK [3][-]{subsubsection.6.10.2}{\376\377\000T\000h\000e\000o\000r\000e\000m\000:\000\040\000Z\000m\000Z\000n\000\040\000i\000s\000\040\000c\000y\000c\000l\000i\000c\000\040\000a\000n\000d\000\040\000i\000s\000\040\000i\000s\000o\000m\000o\000r\000p\000h\000i\000c\000\040\000t\000o\000\040\000Z\000m\000n\000\040\000g\000c\000d\000\050\000m\000,\000n\000\051\000=\0001}{subsection.6.10}% 108
\BOOKMARK [3][-]{subsubsection.6.10.3}{\376\377\000F\000i\000n\000i\000t\000e\000l\000y\000\040\000G\000e\000n\000e\000r\000a\000t\000e\000d\000\040\000A\000b\000e\000l\000i\000a\000n\000\040\000G\000r\000o\000u\000p\000s}{subsection.6.10}% 109
\BOOKMARK [2][-]{subsection.6.11}{\376\377\000D\000e\000f\000:\000\040\000N\000o\000r\000m\000a\000l\000\040\000S\000u\000b\000g\000r\000o\000u\000p\000\040\000H\000G\000:\000\040\000a\000H\000=\000H\000a\000,\000a\000G}{section.6}% 110
\BOOKMARK [3][-]{subsubsection.6.11.1}{\376\377\000T\000h\000m\000:\000\040\000T\000h\000r\000e\000e\000\040\000w\000a\000y\000s\000\040\000t\000o\000\040\000c\000h\000e\000c\000k\000\040\000i\000f\000\040\000H\000\040\000i\000s\000\040\000n\000o\000r\000m\000a\000l}{subsection.6.11}% 111
\BOOKMARK [3][-]{subsubsection.6.11.2}{\376\377\000T\000h\000m\000:\000\040\000A\000\040\000s\000u\000b\000g\000r\000o\000u\000p\000\040\000i\000s\000\040\000"\000W\000e\000l\000l\000-\000d\000e\000f\000i\000n\000e\000d\000\040\000L\000e\000f\000t\000\040\000C\000o\000s\000e\000t\000s\000\040\000M\000u\000l\000t\000i\000p\000l\000i\000c\000a\000t\000i\000o\000n\000"\000\040\000\040\000"\000N\000o\000r\000m\000a\000l\000"}{subsection.6.11}% 112
\BOOKMARK [2][-]{subsection.6.12}{\376\377\000F\000a\000c\000t\000o\000r\000\040\000G\000r\000o\000u\000p\000\040\000G\000/\000H\000=\000\173\000a\000H\000:\000a\000G\000\175}{section.6}% 113
\BOOKMARK [3][-]{subsubsection.6.12.1}{\376\377\000D\000e\000f\000:\000\040\000k\000e\000r\000n\000e\000l\000\040\000H\000\040\000f\000o\000r\000m\000s\000\040\000a\000\040\000f\000a\000c\000t\000o\000r\000\040\000g\000r\000o\000u\000p\000\040\000G\000/\000H}{subsection.6.12}% 114
\BOOKMARK [3][-]{subsubsection.6.12.2}{\376\377\000C\000o\000r\000:\000\040\000k\000e\000r\000\040\000i\000s\000\040\000a\000\040\000n\000o\000r\000m\000a\000l\000\040\000s\000u\000b\000g\000r\000o\000u\000p}{subsection.6.12}% 115
\BOOKMARK [3][-]{subsubsection.6.12.3}{\376\377\000C\000o\000r\000o\000l\000l\000a\000r\000y\000:\000\040\000n\000o\000r\000m\000a\000l\000\040\000s\000u\000b\000g\000r\000o\000u\000p\000\040\000H\000\040\000f\000o\000r\000m\000s\000\040\000a\000\040\000g\000r\000o\000u\000p\000\040\000G\000/\000H}{subsection.6.12}% 116
\BOOKMARK [3][-]{subsubsection.6.12.4}{\376\377\000T\000h\000m\000:\000\040\000n\000o\000r\000m\000a\000l\000\040\000s\000u\000b\000g\000r\000o\000u\000p\000\040\000i\000s\000\040\000a\000\040\000k\000e\000r\000n\000e\000l\000\040\000o\000f\000\040\000a\000\040\000s\000u\000r\000j\000e\000c\000t\000i\000v\000e\000\040\000h\000o\000m\000o\000m\000o\000r\000p\000h\000i\000s\000m\000\040\000:\000\040\000G\000\040\000G\000/\000H}{subsection.6.12}% 117
\BOOKMARK [3][-]{subsubsection.6.12.5}{\376\377\000T\000h\000e\000\040\000F\000u\000n\000d\000a\000m\000e\000n\000t\000a\000l\000\040\000H\000o\000m\000o\000m\000o\000r\000p\000h\000i\000s\000m\000\040\000T\000h\000e\000o\000r\000e\000m\000:\000\040\000E\000v\000e\000r\000y\000\040\000h\000o\000m\000o\000m\000o\000r\000p\000h\000i\000s\000m\000\040\000\040\000c\000a\000n\000\040\000b\000e\000\040\000f\000a\000c\000t\000o\000r\000e\000d\000\040\000t\000o\000\040\000a\000\040\000h\000o\000m\000o\000m\000o\000r\000p\000h\000i\000s\000m\000\040\000:\000\040\000G\000\040\000G\000/\000H\000\040\000a\000n\000d\000\040\000i\000s\000o\000m\000o\000r\000p\000h\000i\000s\000m\000\040\000:\000\040\000G\000/\000H\000\040\000[\000G\000]}{subsection.6.12}% 118
\BOOKMARK [3][-]{subsubsection.6.12.6}{\376\377\000T\000h\000m\000:\000\040\000\050\000H\000K\000\051\000/\000\050\000H\000e\000\051\000K\000\040\000a\000n\000d\000\040\000\050\000H\000K\000\051\000/\000\050\000e\000K\000\051\000H}{subsection.6.12}% 119
\BOOKMARK [3][-]{subsubsection.6.12.7}{\376\377\000T\000h\000m\000:\000\040\000f\000a\000c\000t\000o\000r\000\040\000g\000r\000o\000u\000p\000\040\000o\000f\000\040\000a\000\040\000c\000y\000c\000l\000i\000c\000\040\000g\000r\000o\000u\000p\000\040\000i\000s\000\040\000c\000y\000c\000l\000i\000c\000\040\000[\000a\000]\000/\000N\000=\000[\000a\000N\000]}{subsection.6.12}% 120
\BOOKMARK [3][-]{subsubsection.6.12.8}{\376\377\000E\000x\000:\000\040\0001\0005\000.\0001\0001\000\040\000e\000x\000a\000m\000p\000l\000e\000\040\000Z\0004\000Z\0006\000/\000\050\000\050\0002\000,\0003\000\051\000\051\000Z\0004\000Z\0003\000\040\000o\000r\000\040\000Z\0001\0002}{subsection.6.12}% 121
\BOOKMARK [3][-]{subsubsection.6.12.9}{\376\377\000T\000h\000m\000:\000\040\000H\000o\000m\000o\000m\000o\000r\000p\000h\000i\000s\000m\000\040\000:\000\040\000G\000\040\000G\000\040\000p\000r\000e\000s\000e\000r\000v\000e\000s\000\040\000n\000o\000r\000m\000a\000l\000\040\000s\000u\000b\000g\000r\000o\000u\000p\000s\000\040\000b\000e\000t\000w\000e\000e\000n\000\040\000G\000\040\000a\000n\000d\000\040\000[\000G\000]\000.}{subsection.6.12}% 122
\BOOKMARK [2][-]{subsection.6.13}{\376\377\000D\000e\000f\000:\000\040\000a\000u\000t\000o\000m\000o\000r\000p\000h\000i\000s\000m\000,\000\040\000i\000n\000n\000e\000r\000\040\000a\000u\000t\000o\000m\000o\000r\000p\000h\000i\000s\000m}{section.6}% 123
\BOOKMARK [2][-]{subsection.6.14}{\376\377\000S\000i\000m\000p\000l\000e\000\040\000G\000r\000o\000u\000p\000s}{section.6}% 124
\BOOKMARK [2][-]{subsection.6.15}{\376\377\000T\000h\000e\000\040\000C\000e\000n\000t\000e\000r\000\040\000a\000n\000d\000\040\000C\000o\000m\000m\000u\000t\000a\000t\000o\000r\000\040\000S\000u\000b\000g\000r\000o\000u\000p\000s}{section.6}% 125
\BOOKMARK [3][-]{subsubsection.6.15.1}{\376\377\000D\000e\000f\000:\000\040\000c\000e\000n\000t\000e\000r\000\040\000a\000n\000d\000\040\000c\000o\000m\000m\000u\000t\000a\000t\000o\000r\000\040\000s\000u\000b\000g\000r\000o\000u\000p}{subsection.6.15}% 126
\BOOKMARK [3][-]{subsubsection.6.15.2}{\376\377\000T\000h\000m\000:\000\040\000c\000o\000m\000m\000u\000t\000a\000t\000o\000r\000\040\000s\000u\000b\000g\000r\000o\000u\000p\000\040\000i\000s\000\040\000n\000o\000r\000m\000a\000l}{subsection.6.15}% 127
\BOOKMARK [3][-]{subsubsection.6.15.3}{\376\377\000T\000h\000m\000:\000\040\000i\000f\000\040\000N\000\040\000G\000,\000\040\000"\000G\000/\000N\000\040\000i\000s\000\040\000a\000b\000e\000l\000i\000a\000n\000"\000\040\000\040\000"\000[\000G\000,\000G\000]\000\040\000<\000\040\000N\000"}{subsection.6.15}% 128
\BOOKMARK [2][-]{subsection.6.16}{\376\377\000G\000r\000o\000u\000p\000\040\000A\000c\000t\000i\000o\000n\000\040\000o\000n\000\040\000a\000\040\000S\000e\000t}{section.6}% 129
\BOOKMARK [3][-]{subsubsection.6.16.1}{\376\377\000D\000e\000f\000:\000\040}{subsection.6.16}% 130
\BOOKMARK [1][-]{section.7}{\376\377\000R\000i\000n\000g\000\040\000a\000n\000d\000\040\000F\000i\000e\000l\000d}{}% 131
\BOOKMARK [2][-]{subsection.7.1}{\376\377\000R\000i\000n\000g\000\040\000\050\000R\000,\000+\000,\000\051\000:\000\040\000+\000\040\000i\000s\000\040\000a\000s\000s\000o\000c\000i\000a\000t\000i\000v\000e\000,\000\040\000c\000o\000m\000m\000u\000t\000a\000t\000i\000v\000e\000,\000\040\000i\000d\000e\000n\000t\000i\000t\000y\000,\000\040\000i\000n\000v\000e\000r\000s\000e\000\040\000R\000;\000\040\000\040\000i\000s\000\040\000a\000s\000s\000o\000c\000i\000a\000t\000i\000v\000e\000,\000\040\000d\000i\000s\000t\000r\000i\000b\000u\000t\000e\000s\000\040\000o\000v\000e\000r\000\040\000+}{section.7}% 132
\BOOKMARK [3][-]{subsubsection.7.1.1}{\376\377\000D\000e\000f\000,\000\040\000P\000r\000o\000p}{subsection.7.1}% 133
\BOOKMARK [3][-]{subsubsection.7.1.2}{\376\377\000S\000R\000:\000\040\000S\000u\000b\000r\000i\000n\000g\000\040\000\050\000c\000l\000o\000s\000e\000d\000\040\000u\000n\000d\000e\000r\000\040\000+\000\040\000a\000n\000d\000\040\000;\000\040\000a\000d\000d\000i\000c\000t\000i\000v\000e\000\040\000i\000n\000v\000e\000r\000s\000e\000\040\000-\000a\000S\000\051}{subsection.7.1}% 134
\BOOKMARK [3][-]{subsubsection.7.1.3}{\376\377\000D\000e\000f\000:\000\040\000C\000o\000m\000m\000u\000t\000a\000t\000i\000v\000e\000\040\000r\000i\000n\000g\000:\000\040\000r\000i\000n\000g\000'\000s\000\040\000\040\000i\000s\000\040\000c\000o\000m\000m\000u\000t\000a\000t\000i\000v\000e}{subsection.7.1}% 135
\BOOKMARK [3][-]{subsubsection.7.1.4}{\376\377\000D\000e\000f\000:\000\040\000A\000\040\000r\000i\000n\000g\000\040\000w\000i\000t\000h\000\040\0001\000:\000\040\000t\000h\000e\000\040\000r\000i\000n\000g\000\040\000e\000x\000i\000s\000t\000s\000\040\000m\000u\000l\000t\000i\000p\000l\000i\000c\000a\000t\000i\000o\000n\000\040\000i\000d\000e\000n\000t\000i\000t\000y\000\040\0001\000R}{subsection.7.1}% 136
\BOOKMARK [3][-]{subsubsection.7.1.5}{\376\377\000D\000e\000f\000:\000\040\000I\000n\000\040\000a\000\040\000r\000i\000n\000g\000\040\000R\000\040\000w\000i\000t\000h\000\040\0001\000,\000\040\000u\000\040\000i\000s\000\040\000a\000\040\000u\000n\000i\000t\000\040\000i\000f\000\040\000v\000R\000\040\000s\000.\000t\000.\000\040\000u\000v\000=\000v\000u\000=\0001}{subsection.7.1}% 137
\BOOKMARK [3][-]{subsubsection.7.1.6}{\376\377\000D\000e\000f\000:\000\040\000A\000\040\000r\000i\000n\000g\000\040\000w\000i\000t\000h\000\040\0001\000,\000\040\000R\000\040\000i\000s\000\040\000a\000\040\000d\000i\000v\000i\000s\000i\000o\000n\000\040\000r\000i\000n\000g\000\040\000i\000f\000\040\000e\000v\000e\000r\000y\000\040\000n\000o\000n\000z\000e\000r\000o\000\040\000e\000l\000e\000m\000e\000n\000t\000\040\000o\000f\000\040\000R\000\040\000i\000s\000\040\000a\000\040\000u\000n\000i\000t}{subsection.7.1}% 138
\BOOKMARK [3][-]{subsubsection.7.1.7}{\376\377\000D\000e\000f\000:\000\040\000R\000i\000n\000g\000\040\000H\000o\000m\000o\000m\000o\000r\000p\000h\000i\000s\000m\000:\000\040\000\050\000a\000+\000b\000\051\000=\000\050\000a\000\051\000+\000\050\000b\000\051\000,\000\040\000\050\000a\000b\000\051\000=\000\050\000a\000\051\000\050\000b\000\051}{subsection.7.1}% 139
\BOOKMARK [3][-]{subsubsection.7.1.8}{\376\377\000D\000e\000f\000:\000\040\000z\000e\000r\000o\000\040\000d\000i\000v\000i\000s\000o\000r\000:\000\040\000a\000\040\000a\000=\0000\000R\000\040\000i\000f\000\040\000b\000=\0000\000R\000\040\000s\000.\000t\000.\000\040\000b\000a\000=\0000\000\040\000o\000r\000\040\000a\000b\000=\0000}{subsection.7.1}% 140
\BOOKMARK [3][-]{subsubsection.7.1.9}{\376\377\000R\000e\000m\000a\000r\000k\000:\000\040\000I\000n\000\040\000Z\000n\000,\000\040\000a\000n\000\040\000e\000l\000e\000m\000e\000n\000t\000\040\000i\000s\000\040\000e\000i\000t\000h\000e\000r\000\040\0000\000\040\000o\000r\000\040\000u\000n\000i\000t\000\040\000o\000r\000\040\000z\000e\000r\000o\000\040\000d\000i\000v\000i\000s\000o\000r}{subsection.7.1}% 141
\BOOKMARK [3][-]{subsubsection.7.1.10}{\376\377\000T\000h\000m\000:\000\040\000a\000Z\000n\000\040\000i\000s\000\040\000a\000\040\000z\000e\000r\000o\000\040\000d\000i\000v\000i\000s\000o\000r\000\040\000g\000c\000d\000\050\000a\000,\000n\000\051\000=\0001\000.}{subsection.7.1}% 142
\BOOKMARK [3][-]{subsubsection.7.1.11}{\376\377\000C\000o\000r\000:\000\040\000Z\000p\000\040\000h\000a\000s\000\040\000n\000o\000\040\000z\000e\000r\000o\000\040\000d\000i\000v\000i\000s\000o\000r\000s\000\040\000i\000f\000\040\000p\000\040\000i\000s\000\040\000p\000r\000i\000m\000e\000.}{subsection.7.1}% 143
\BOOKMARK [3][-]{subsubsection.7.1.12}{\376\377\000D\000e\000f\000:\000\040\000A\000n\000\040\000i\000n\000t\000e\000g\000r\000a\000l\000\040\000d\000o\000m\000a\000i\000n\000\040\000\040\000i\000s\000\040\000a\000\040\000c\000o\000m\000m\000u\000t\000a\000t\000i\000v\000e\000\040\000r\000i\000n\000g\000\040\000w\000i\000t\000h\000\040\0001\000=\0000\000\040\000t\000h\000a\000t\000\040\000h\000a\000s\000\040\000n\000o\000\040\000z\000e\000r\000o\000\040\000d\000i\000v\000i\000s\000o\000r\000s}{subsection.7.1}% 144
\BOOKMARK [2][-]{subsection.7.2}{\376\377\000F\000i\000e\000l\000d\000\040\000F}{section.7}% 145
\BOOKMARK [3][-]{subsubsection.7.2.1}{\376\377\000D\000e\000f\000:\000\040\000A\000\040\000f\000i\000e\000l\000d\000\040\000i\000s\000\040\000a\000\040\000c\000o\000m\000m\000u\000t\000a\000t\000i\000v\000e\000\040\000d\000i\000v\000i\000s\000i\000o\000n\000\040\000r\000i\000n\000g\000.}{subsection.7.2}% 146
\BOOKMARK [3][-]{subsubsection.7.2.2}{\376\377\000D\000i\000f\000f\000e\000r\000e\000n\000c\000e\000s\000\040\000b\000e\000t\000w\000e\000e\000n\000\040\000"\000F\000i\000e\000l\000d\000"\000\040\000a\000n\000d\000\040\000"\000I\000n\000t\000e\000g\000r\000a\000l\000\040\000D\000o\000m\000a\000i\000n\000"}{subsection.7.2}% 147
\BOOKMARK [3][-]{subsubsection.7.2.3}{\376\377\000L\000e\000m\000m\000a\000:\000\040\000A\000\040\000u\000n\000i\000t\000\040\000i\000s\000\040\000n\000o\000t\000\040\000z\000e\000r\000o\000\040\000d\000i\000v\000i\000s\000o\000r}{subsection.7.2}% 148
\BOOKMARK [3][-]{subsubsection.7.2.4}{\376\377\000L\000e\000m\000m\000a\000:\000\040\000A\000\040\000f\000i\000e\000l\000d\000\040\000d\000o\000e\000s\000n\000'\000t\000\040\000h\000a\000s\000\040\000z\000e\000r\000o\000\040\000d\000i\000v\000i\000s\000o\000r\000s}{subsection.7.2}% 149
\BOOKMARK [3][-]{subsubsection.7.2.5}{\376\377\000T\000h\000m\000:\000\040\000E\000v\000e\000r\000y\000\040\000f\000i\000e\000l\000d\000\040\000i\000s\000\040\000a\000n\000\040\000i\000n\000t\000e\000g\000r\000a\000l\000\040\000d\000o\000m\000a\000i\000n}{subsection.7.2}% 150
\BOOKMARK [3][-]{subsubsection.7.2.6}{\376\377\000T\000h\000m\000:\000\040\000E\000v\000e\000r\000y\000\040\000f\000i\000n\000i\000t\000e\000\040\000i\000n\000t\000e\000g\000r\000a\000l\000\040\000d\000o\000m\000a\000i\000n\000\040\000i\000s\000\040\000a\000\040\000f\000i\000e\000l\000d}{subsection.7.2}% 151
\BOOKMARK [3][-]{subsubsection.7.2.7}{\376\377\000N\000o\000t\000e\000:\000\040\000F\000i\000n\000i\000t\000e\000\040\000I\000n\000t\000e\000g\000r\000a\000l\000\040\000D\000o\000m\000a\000i\000n\000\040\000\040\000F\000i\000e\000l\000d\000\040\000\040\000I\000n\000t\000e\000g\000r\000a\000l\000\040\000D\000o\000m\000a\000i\000n}{subsection.7.2}% 152
\BOOKMARK [2][-]{subsection.7.3}{\376\377\000T\000h\000e\000\040\000C\000h\000a\000r\000a\000c\000t\000e\000r\000i\000s\000t\000i\000c\000\040\000o\000f\000\040\000a\000\040\000R\000i\000n\000g}{section.7}% 153
\BOOKMARK [3][-]{subsubsection.7.3.1}{\376\377\000D\000e\000f\000:\000\040\000c\000h\000a\000r\000a\000c\000t\000e\000r\000i\000s\000t\000i\000c\000\040\000n\000\040\000i\000s\000\040\000t\000h\000e\000\040\000l\000e\000a\000s\000t\000\040\000p\000o\000s\000i\000t\000i\000v\000e\000\040\000i\000n\000t\000e\000g\000e\000r\000\040\000s\000.\000t\000.\000\040\000n\000a\000=\0000\000,\000a\000R}{subsection.7.3}% 154
\BOOKMARK [3][-]{subsubsection.7.3.2}{\376\377\000T\000h\000m\000:\000\040\000I\000n\000\040\000a\000\040\000r\000i\000n\000g\000\040\000w\000i\000t\000h\000\040\0001\000,\000\040\000c\000h\000a\000r\000a\000c\000t\000e\000r\000i\000s\000t\000i\000c\000\040\000n\000Z\000+\000\040\000s\000.\000t\000.\000\040\000n\0001\000=\0000}{subsection.7.3}% 155
\BOOKMARK [1][-]{section.8}{\376\377\000T\000h\000e\000\040\000R\000i\000n\000g\000\040\000Z\000n\000\040\000\050\000F\000e\000r\000m\000a\000t\000'\000s\000\040\000a\000n\000d\000\040\000E\000u\000l\000e\000r\000'\000s\000\040\000T\000h\000e\000o\000r\000e\000m\000s\000\051}{}% 156
\BOOKMARK [2][-]{subsection.8.1}{\376\377\000F\000e\000r\000m\000a\000t\000'\000s\000\040\000T\000h\000e\000o\000r\000e\000m}{section.8}% 157
\BOOKMARK [3][-]{subsubsection.8.1.1}{\376\377\000T\000h\000m\000:\000\040\000n\000o\000n\000z\000e\000r\000o\000\040\000e\000l\000e\000m\000e\000n\000t\000s\000\040\000i\000n\000\040\000Z\000p\000\040\000\050\000p\000\040\000i\000s\000\040\000p\000r\000i\000m\000e\000\051\000\040\000f\000o\000r\000m\000\040\000a\000\040\000g\000r\000o\000u\000p\000\040\000u\000n\000d\000e\000r\000\040\000m\000u\000l\000t\000i\000p\000l\000i\000c\000a\000t\000i\000o\000n}{subsection.8.1}% 158
\BOOKMARK [3][-]{subsubsection.8.1.2}{\376\377\000C\000o\000r\000:\000\040\000\050\000L\000i\000t\000t\000l\000e\000\040\000T\000h\000e\000o\000r\000e\000m\000\040\000o\000f\000\040\000F\000e\000r\000m\000a\000t\000\051\000\040\000a\000Z\000\040\000a\000n\000d\000\040\000p\000\040\000i\000s\000\040\000p\000r\000i\000m\000e\000\040\000n\000o\000t\000\040\000d\000i\000v\000i\000d\000i\000n\000g\000\040\000a\000,\000\040\000t\000h\000e\000n\000\040\000a\000p\000-\0001\0001\000\040\000\040\000m\000o\000d\000\040\000\040\000p\000\040\000\050\000p\000\040\000d\000i\000v\000i\000d\000e\000s\000\040\000a\000p\000-\0001\000-\0001\000\051}{subsection.8.1}% 159
\BOOKMARK [3][-]{subsubsection.8.1.3}{\376\377\000C\000o\000r\000:\000\040\000\050\000L\000i\000t\000t\000l\000e\000\040\000T\000h\000e\000o\000r\000e\000m\000\040\000o\000f\000\040\000F\000e\000r\000m\000a\000t\000\051\000\040\000I\000f\000\040\000a\000Z\000,\000\040\000t\000h\000e\000n\000\040\000a\000p\000a\000\040\000\040\000m\000o\000d\000\040\000p\000\040\000f\000o\000r\000\040\000a\000n\000y\000\040\000p\000r\000i\000m\000e\000\040\000p}{subsection.8.1}% 160
\BOOKMARK [2][-]{subsection.8.2}{\376\377\000E\000u\000l\000e\000r\000'\000s\000\040\000T\000h\000e\000o\000r\000e\000m}{section.8}% 161
\BOOKMARK [3][-]{subsubsection.8.2.1}{\376\377\000T\000h\000m\000:\000\040\000G\000n\000=\000\173\000a\000Z\000n\000:\000\040\000g\000c\000d\000\050\000a\000,\000n\000\051\000=\0001\000\175\000\040\000f\000o\000r\000m\000s\000\040\000a\000\040\000g\000r\000o\000u\000p\000\040\000u\000n\000d\000e\000r\000\040\000m\000u\000l\000t\000i\000p\000l\000i\000c\000a\000t\000i\000o\000n}{subsection.8.2}% 162
\BOOKMARK [3][-]{subsubsection.8.2.2}{\376\377\000D\000e\000f\000:\000\040\000E\000u\000l\000e\000r\000\040\000p\000h\000i\000\040\000f\000u\000n\000c\000t\000i\000o\000n\000\040\000\050\000n\000\051\000=\000|\000G\000n\000|\000,\000\040\000w\000h\000e\000r\000e\000\040\000G\000n\000=\000\173\000a\000Z\000n\000:\000\040\000g\000c\000d\000\050\000a\000,\000n\000\051\000=\0001\000\175}{subsection.8.2}% 163
\BOOKMARK [3][-]{subsubsection.8.2.3}{\376\377\000T\000h\000m\000:\000\040\000\050\000E\000u\000l\000e\000r\000'\000s\000\040\000T\000h\000e\000o\000r\000e\000m\000\051\000\040\000I\000f\000\040\000a\000Z\000,\000\040\000n\0002\000\040\000s\000.\000t\000.\000\040\000g\000c\000d\000\050\000a\000,\000n\000\051\000=\0001\000\040\000t\000h\000e\000n\000\040\000a\000\050\000n\000\051\0001\000\040\000\040\000m\000o\000d\000\040\000n}{subsection.8.2}% 164
\BOOKMARK [2][-]{subsection.8.3}{\376\377\000A\000p\000p\000l\000i\000c\000a\000t\000i\000o\000n\000\040\000t\000o\000\040\000a\000x\000\040\000b\000\040\000\050\000m\000o\000d\000\040\000m\000\051}{section.8}% 165
\BOOKMARK [3][-]{subsubsection.8.3.1}{\376\377\000T\000h\000m\000:\000\040\000f\000i\000n\000d\000\040\000s\000o\000l\000u\000t\000i\000o\000n\000\040\000o\000f\000\040\000a\000x\000\040\000b\000\040\000\050\000m\000o\000d\000\040\000m\000\051\000,\000\040\000g\000c\000d\000\050\000a\000,\000m\000\051\000=\0001}{subsection.8.3}% 166
\BOOKMARK [3][-]{subsubsection.8.3.2}{\376\377\000T\000h\000m\000:\000\040\000a\000x\000\040\000b\000\040\000\050\000m\000o\000d\000\040\000m\000\051\000,\000\040\000d\000=\000g\000c\000d\000\050\000a\000,\000m\000\051\000\040\000h\000a\000s\000\040\000s\000o\000l\000u\000t\000i\000o\000n\000s\000\040\000i\000f\000\040\000d\000|\000b\000,\000\040\000t\000h\000e\000\040\000n\000u\000m\000b\000e\000r\000\040\000o\000f\000\040\000s\000o\000l\000u\000t\000i\000o\000n\000s\000\040\000i\000s\000\040\000d}{subsection.8.3}% 167
\BOOKMARK [3][-]{subsubsection.8.3.3}{\376\377\000C\000o\000r\000:\000\040\000a\000x\000\040\000b\000\040\000\050\000m\000o\000d\000\040\000m\000\051\000,\000\040\000d\000=\000g\000c\000d\000\050\000a\000,\000m\000\051\000,\000\040\000d\000|\000b\000,\000\040\000t\000h\000e\000n\000\040\000s\000o\000l\000u\000t\000i\000o\000n\000s\000\040\000a\000r\000e\000\040\000\050\000\050\000a\000d\000\051\000\050\000m\000d\000\051\000-\0001\000b\000d\000+\000k\000m\000d\000\051\000+\000\050\000m\000\040\000Z\000\051\000,\000\040\000k\000=\0000\000,\0001\000,\000.\000.\000.\000,\000d\000-\0001}{subsection.8.3}% 168
\BOOKMARK [1][-]{section.9}{\376\377\000T\000h\000e\000\040\000F\000i\000e\000l\000d\000\040\000o\000f\000\040\000Q\000u\000o\000t\000i\000e\000n\000t\000s\000\040\000o\000f\000\040\000a\000n\000\040\000I\000n\000t\000e\000g\000r\000a\000l\000\040\000D\000o\000m\000a\000i\000n}{}% 169
\BOOKMARK [2][-]{subsection.9.1}{\376\377\000S\000t\000e\000p\000\040\0001\000.\000\040\000D\000e\000f\000i\000n\000e\000\040\000w\000h\000a\000t\000\040\000t\000h\000e\000\040\000e\000l\000e\000m\000e\000n\000t\000s\000\040\000o\000f\000\040\000F\000\040\000a\000r\000e\000\040\000t\000o\000\040\000b\000e\000.\000\040\000\050\000D\000e\000f\000i\000n\000e\000\040\000S\000/\000\051}{section.9}% 170
\BOOKMARK [3][-]{subsubsection.9.1.1}{\376\377\000D\000e\000f\000:\000\040\000e\000q\000u\000i\000v\000a\000l\000e\000n\000t\000\040\000r\000e\000l\000a\000t\000i\000o\000n\000\040\000\050\000a\000,\000b\000\051\000\050\000c\000,\000d\000\051\000\040\000a\000d\000\040\000=\000\040\000b\000c}{subsection.9.1}% 171
\BOOKMARK [2][-]{subsection.9.2}{\376\377\000S\000t\000e\000p\000\040\0002\000.\000\040\000D\000e\000f\000i\000n\000e\000\040\000t\000h\000e\000\040\000b\000i\000n\000a\000r\000y\000\040\000o\000p\000e\000r\000a\000t\000i\000o\000n\000s\000\040\000o\000f\000\040\000a\000d\000d\000i\000t\000i\000o\000n\000\040\000a\000n\000d\000\040\000m\000u\000l\000t\000i\000p\000l\000i\000c\000a\000t\000i\000o\000n\000\040\000o\000n\000\040\000S\000/\000.}{section.9}% 172
\BOOKMARK [3][-]{subsubsection.9.2.1}{\376\377\000l\000e\000m\000m\000a\000:\000\040\000w\000e\000l\000l\000-\000d\000e\000f\000i\000n\000e\000d\000\040\000o\000p\000e\000r\000a\000t\000i\000o\000n\000s\000\040\000+\000,}{subsection.9.2}% 173
\BOOKMARK [2][-]{subsection.9.3}{\376\377\000S\000t\000e\000p\000\040\0003\000.\000\040\000C\000h\000e\000c\000k\000\040\000a\000l\000l\000\040\000t\000h\000e\000\040\000f\000i\000e\000l\000d\000\040\000a\000x\000i\000o\000m\000s\000\040\000t\000o\000\040\000s\000h\000o\000w\000\040\000t\000h\000a\000t\000\040\000F\000\040\000i\000s\000\040\000a\000\040\000f\000i\000e\000l\000d\000\040\000u\000n\000d\000e\000r\000\040\000t\000h\000e\000s\000e\000\040\000o\000p\000e\000r\000a\000t\000i\000o\000n\000s\000.}{section.9}% 174
\BOOKMARK [3][-]{subsubsection.9.3.1}{\376\377\000T\000h\000m\000:\000\040\000S\000/\000\040\000i\000s\000\040\000a\000\040\000f\000i\000e\000l\000d\000\040\000w\000i\000t\000h\000\040\000+\000,}{subsection.9.3}% 175
\BOOKMARK [2][-]{subsection.9.4}{\376\377\000S\000t\000e\000p\000\040\0004\000.\000\040\000S\000h\000o\000w\000\040\000t\000h\000a\000t\000\040\000F\000\040\000c\000a\000n\000\040\000b\000e\000\040\000v\000i\000e\000w\000e\000d\000\040\000a\000s\000\040\000c\000o\000n\000t\000a\000i\000n\000i\000n\000g\000\040\000D\000\040\000a\000s\000\040\000a\000n\000\040\000i\000n\000t\000e\000g\000r\000a\000l\000\040\000s\000u\000b\000d\000o\000m\000a\000i\000n\000.}{section.9}% 176
\BOOKMARK [3][-]{subsubsection.9.4.1}{\376\377\000L\000e\000m\000:\000\040\000\050\000a\000\051\000=\000[\000\050\000a\000,\0001\000\051\000]\000\040\000i\000s\000\040\000a\000n\000\040\000i\000s\000o\000m\000o\000r\000p\000h\000i\000s\000m\000\040\000b\000e\000t\000w\000e\000e\000n\000\040\000D\000\040\000a\000n\000d\000\040\000\173\000[\000\050\000a\000,\0001\000\051\000]\000|\000a\000D\000\175}{subsection.9.4}% 177
\BOOKMARK [3][-]{subsubsection.9.4.2}{\376\377\000T\000h\000m\000:\000\040\000e\000v\000e\000r\000y\000\040\000e\000l\000e\000m\000e\000n\000t\000\040\000o\000f\000\040\000F\000\040\000c\000a\000n\000\040\000b\000e\000\040\000e\000x\000p\000r\000e\000s\000s\000e\000d\000\040\000a\000s\000\040\000a\000\040\000q\000u\000o\000t\000i\000e\000n\000t\000\040\000o\000f\000\040\000t\000w\000o\000\040\000e\000l\000e\000m\000e\000n\000t\000s\000\040\000o\000f\000\040\000D\000:\000\040\000[\000\050\000a\000,\000b\000\051\000]\000=\000\050\000a\000\051\000\050\000b\000\051}{subsection.9.4}% 178
\BOOKMARK [1][-]{section.10}{\376\377\000P\000o\000l\000y\000n\000o\000m\000i\000a\000l\000s}{}% 179
\BOOKMARK [2][-]{subsection.10.1}{\376\377\000D\000e\000f\000:\000\040\000P\000o\000l\000y\000n\000o\000m\000i\000a\000l\000s}{section.10}% 180
\BOOKMARK [2][-]{subsection.10.2}{\376\377\000R\000i\000n\000g\000s\000\040\000o\000f\000\040\000P\000o\000l\000y\000n\000o\000m\000i\000a\000l\000s}{section.10}% 181
\BOOKMARK [3][-]{subsubsection.10.2.1}{\376\377\000T\000h\000m\000:\000\040\000R\000[\000x\000]\000\040\000i\000s\000\040\000a\000\040\000r\000i\000n\000g\000\040\000u\000n\000d\000e\000r\000\040\000a\000d\000d\000i\000t\000i\000o\000n\000\040\000a\000n\000d\000\040\000m\000u\000l\000t\000i\000p\000l\000i\000c\000a\000t\000i\000o\000n}{subsection.10.2}% 182
\BOOKMARK [3][-]{subsubsection.10.2.2}{\376\377\000D\000e\000f\000:\000\040\000e\000v\000a\000l\000u\000a\000t\000i\000o\000n\000\040\000h\000o\000m\000o\000m\000o\000r\000p\000h\000i\000s\000m}{subsection.10.2}% 183
\BOOKMARK [3][-]{subsubsection.10.2.3}{\376\377\000D\000e\000f\000:\000\040\000\040\000i\000s\000\040\000z\000e\000r\000o\000\040\000i\000f\000\040\000E\000V\000x\000=\000\050\000f\000\050\000x\000\051\000\051\000=\0000}{subsection.10.2}% 184
\BOOKMARK [2][-]{subsection.10.3}{\376\377\000D\000e\000g\000r\000e\000e\000\040\000o\000f\000\040\000a\000\040\000P\000o\000l\000y\000n\000o\000m\000i\000a\000l\000:\000\040\000d\000e\000g\000\050\000f\000\051}{section.10}% 185
\BOOKMARK [3][-]{subsubsection.10.3.1}{\376\377\000L\000e\000m\000m\000a\000\040\0002\000.\0003\000.\0003\000:\000\040\000d\000e\000g\000\050\000f\000g\000\051\000=\000d\000e\000g\000\050\000f\000\051\000+\000d\000e\000g\000\050\000g\000\051\000\040\000,\000\040\000d\000e\000g\000\050\000f\000+\000g\000\051\000m\000a\000x\000\173\000d\000e\000g\000\050\000f\000\051\000,\000d\000e\000g\000\050\000g\000\051\000\175}{subsection.10.3}% 186
\BOOKMARK [2][-]{subsection.10.4}{\376\377\000C\000o\000r\000o\000l\000l\000a\000r\000y\000\040\0002\000.\0003\000.\0005\000:\000\040\000U\000n\000i\000t\000\050\000i\000n\000v\000e\000r\000t\000i\000b\000l\000e\000\051\000\040\000i\000n\000\040\000F\000[\000x\000]\000:\000\040\000c\000o\000n\000s\000t\000a\000n\000t\000=\0000\000\040\000i\000f\000f\000\040\000d\000e\000g\000\050\000f\000\051\000=\0000}{section.10}% 187
\BOOKMARK [2][-]{subsection.10.5}{\376\377\000I\000r\000r\000e\000d\000u\000c\000i\000b\000l\000e\000\040\000P\000o\000l\000y\000n\000o\000m\000i\000a\000l\000s\000:\000\040\040\034\145\340\154\325\122\006\211\343\116\072\116\044\116\052\000d\000e\000g\000r\000e\000e\0001\166\204\131\032\230\171\137\017\171\357\040\035\166\204\131\032\230\171\137\017\000:\000\040\201\363\134\021\116\000\116\052\146\057\000c\000o\000n\000s\000t\000a\000n\000t\000\040\000\050\000i\000.\000e\000.\000\040\000d\000e\000g\000r\000e\000e\000=\0000\000\051}{section.10}% 188
\BOOKMARK [2][-]{subsection.10.6}{\376\377\000T\000h\000e\000o\000r\000e\000m\000\040\0002\000.\0003\000.\0006\377\032\000n\000o\000n\000c\000o\000n\000s\000t\000a\000n\000t\000\040\000p\000o\000l\000y\000n\000o\000m\000i\000a\000l\000s\123\357\116\345\210\253\125\057\116\000\127\060\122\006\211\343}{section.10}% 189
\BOOKMARK [2][-]{subsection.10.7}{\376\377\000D\000i\000v\000i\000s\000i\000b\000i\000l\000i\000t\000y\000\040\000o\000f\000\040\000P\000o\000l\000y\000n\000o\000m\000i\000a\000l\000s}{section.10}% 190
\BOOKMARK [3][-]{subsubsection.10.7.1}{\376\377\000G\000r\000e\000a\000t\000e\000s\000t\000\040\000c\000o\000m\000m\000o\000n\000\040\000d\000i\000v\000i\000s\000o\000r\000\040\000o\000f\000\040\000f\000\040\000a\000n\000d\000\040\000g\000:\000\040\000i\000s\000\040\000n\000o\000t\000\040\000u\000n\000i\000q\000u\000e\000,\000\040\000w\000e\000\040\000d\000e\000n\000o\000t\000e\000\040\000m\000o\000n\000i\000c\000\040\000G\000r\000e\000a\000t\000e\000s\000t\000\040\000c\000o\000m\000m\000o\000n\000\040\000d\000i\000v\000i\000s\000o\000r\000\040\000a\000s\000\040\000g\000c\000d\000\050\000f\000,\000g\000\051}{subsection.10.7}% 191
\BOOKMARK [3][-]{subsubsection.10.7.2}{\376\377\000P\000r\000o\000p\000o\000s\000i\000t\000i\000o\000n\000\040\0002\000.\0003\000.\0009\000:\000\040\000E\000u\000c\000l\000i\000d\000e\000a\000n\000\040\000A\000l\000g\000o\000r\000i\000t\000h\000m\000\040\000o\000f\000\040\000p\000o\000l\000y\000n\000o\000m\000i\000a\000l\000s}{subsection.10.7}% 192
\BOOKMARK [3][-]{subsubsection.10.7.3}{\376\377\000P\000r\000o\000p\000o\000s\000i\000t\000i\000o\000n\000\040\0002\000.\0003\000.\0001\0000\000:\000\040\000g\000c\000d\000\050\000f\000,\000g\000\051\000\040\146\057\000d\000e\000g\000r\000e\000e\147\000\134\017\166\204\000f\000,\000g\166\204\176\277\140\047\176\304\124\010}{subsection.10.7}% 193
\BOOKMARK [3][-]{subsubsection.10.7.4}{\376\377\000P\000r\000o\000p\000o\000s\000i\000t\000i\000o\000n\000\040\0002\000.\0003\000.\0001\0002\000:\000\040\000g\000c\000d\000\050\000f\000,\000g\000\051\000=\0001\000,\000\040\000f\000|\000g\000h\000f\000|\000h}{subsection.10.7}% 194
\BOOKMARK [3][-]{subsubsection.10.7.5}{\376\377\000C\000o\000r\000o\000l\000l\000a\000r\000y\000\040\0002\000.\0003\000.\0001\0003\000:\000\040\000i\000r\000r\000e\000d\000u\000c\000i\000b\000l\000e\000\040\000f\000,\000\040\000f\000|\000g\000h\000\040\000f\000|\000g\000\040\000o\000r\000\040\000f\000|\000h}{subsection.10.7}% 195
\BOOKMARK [2][-]{subsection.10.8}{\376\377\000R\000o\000o\000t\000s}{section.10}% 196
\BOOKMARK [3][-]{subsubsection.10.8.1}{\376\377\000C\000o\000r\000o\000l\000l\000a\000r\000y\000\040\0002\000.\0003\000.\0001\0006\000\050\000o\000f\000\040\000E\000u\000c\000l\000i\000d\000e\000a\000n\000\040\000A\000l\000g\000o\000r\000i\000t\000h\000m\000\051\000:\000\040\000f\000\040\123\357\210\253\122\006\116\072\000\040\000\050\000x\000-\000\051\000q\000+\000f\000\050\000\051\000i\000.\000e\000.\000\040\000i\000f\000\040\000\040\000i\000s\000\040\000a\000\040\000r\000o\000o\000t\000,\000\040\000t\000h\000e\000n\000\040\000\050\000x\000-\000\051\000|\000f}{subsection.10.8}% 197
\BOOKMARK [2][-]{subsection.10.9}{\376\377\000M\000u\000l\000t\000i\000p\000l\000i\000c\000i\000t\000y}{section.10}% 198
\BOOKMARK [3][-]{subsubsection.10.9.1}{\376\377\000S\000u\000m\000\040\000o\000f\000\040\000m\000u\000l\000t\000i\000p\000l\000i\000c\000i\000t\000y\000d\000e\000g\000\050\000f\000\051}{subsection.10.9}% 199
\BOOKMARK [2][-]{subsection.10.10}{\376\377\000R\000o\000o\000t\000s\000\040\000i\000n\000\040\000a\000\040\000f\000i\000l\000e\000d\000\040\000m\000a\000y\000\040\000n\000o\000t\000\040\000i\000n\000\040\000i\000t\000s\000\040\000s\000u\000b\000f\000i\000e\000l\000d}{section.10}% 200
\BOOKMARK [1][-]{section.11}{\376\377\000L\000i\000n\000e\000a\000r\000\040\000A\000l\000g\000e\000b\000r\000a}{}% 201
\BOOKMARK [2][-]{subsection.11.1}{\376\377\000\040\000V\000e\000c\000t\000o\000r\000\040\000S\000p\000a\000c\000e\000\040\000\050\000V\000,\000+\000,\000\051\000\040\000\050\000o\000v\000e\000r\000\040\000a\000\040\000f\000i\000e\000l\000d\000\040\000F\000\051}{section.11}% 202
\BOOKMARK [3][-]{subsubsection.11.1.1}{\376\377\000A\000\040\000f\000i\000e\000l\000d\000\040\000i\000s\000\040\000a\000\040\000v\000e\000c\000t\000o\000r\000\040\000s\000p\000a\000c\000e\000\040\000o\000v\000e\000r\000\040\000i\000t\000s\000\040\000s\000u\000b\000f\000i\000e\000l\000d}{subsection.11.1}% 203
\BOOKMARK [3][-]{subsubsection.11.1.2}{\376\377\000\040\000V\000e\000c\000t\000o\000r\000\040\000s\000u\000b\000s\000p\000a\000c\000e}{subsection.11.1}% 204
\BOOKMARK [2][-]{subsection.11.2}{\376\377\000L\000i\000n\000e\000a\000r\000\040\000i\000n\000d\000e\000p\000e\000n\000d\000e\000n\000t\000,\000\040\000L\000i\000n\000e\000a\000r\000\040\000c\000o\000m\000b\000i\000n\000a\000t\000i\000o\000n}{section.11}% 205
\BOOKMARK [2][-]{subsection.11.3}{\376\377\000s\000p\000a\000n\000\040\000V\000,\000\040\000b\000a\000s\000i\000s\000,\000\040\000d\000i\000m\000e\000n\000s\000i\000o\000n\000,\000\040\000P\000r\000o\000p\000o\000s\000i\000t\000i\000o\000n\000\040\0002\000.\0004\000.\0001\0000}{section.11}% 206
\BOOKMARK [3][-]{subsubsection.11.3.1}{\376\377\000S\000t\000a\000n\000d\000a\000r\000d\000\040\000b\000a\000s\000i\000s\000\040\000v\000e\000c\000t\000o\000r\000s}{subsection.11.3}% 207
\BOOKMARK [2][-]{subsection.11.4}{\376\377\000L\000i\000n\000e\000a\000r\000\040\000t\000r\000a\000n\000s\000f\000o\000r\000m\000a\000t\000i\000o\000n}{section.11}% 208
\BOOKMARK [3][-]{subsubsection.11.4.1}{\376\377\000C\000o\000r\000o\000l\000l\000a\000r\000y\000\040\0002\000.\0004\000.\0001\0006\000:\000\040\116\000\116\052\176\277\140\047\123\330\143\142\133\371\136\224\116\000\116\052\167\351\226\065\000\040\000b\000i\000j\000e\000c\000t\000i\000o\000n\000\040\000L\000\040\000\050\000V\000,\000M\000\051\000M\000m\000n\000\050\000F\000\051}{subsection.11.4}% 209
\BOOKMARK [3][-]{subsubsection.11.4.2}{\376\377\000P\000r\000o\000p\000o\000s\000i\000t\000i\000o\000n\000\040\0002\000.\0004\000.\0001\0009\000:\000\040\176\277\140\047\123\330\143\142\167\351\226\065\166\370\116\130\116\315\116\072\176\277\140\047\123\330\143\142\167\351\226\065}{subsection.11.4}% 210
\BOOKMARK [2][-]{subsection.11.5}{\376\377\000G\000L\000\050\000V\000\051\000:\000\040\000i\000n\000v\000e\000r\000t\000i\000b\000l\000e\000\050\000b\000i\000j\000e\000c\000t\000i\000v\000e\000\051\000\040\000l\000i\000n\000e\000a\000r\000\040\000t\000r\000a\000n\000s\000f\000o\000r\000m\000a\000t\000i\000o\000n\000s\000\040\000V\000\040\000V}{section.11}% 211
\BOOKMARK [1][-]{section.12}{\376\377\000E\000u\000c\000l\000i\000d\000e\000a\000n\000\040\000g\000e\000o\000m\000e\000t\000r\000y\000\040\000b\000a\000s\000i\000c\000s}{}% 212
\BOOKMARK [2][-]{subsection.12.1}{\376\377\000\040\000E\000u\000c\000l\000i\000d\000e\000a\000n\000\040\000d\000i\000s\000t\000a\000n\000c\000e\000,\000\040\000i\000n\000n\000e\000r\000\040\000p\000r\000o\000d\000u\000c\000t}{section.12}% 213
\BOOKMARK [2][-]{subsection.12.2}{\376\377\000I\000s\000o\000m\000e\000t\000r\000y\000\040\000o\000f\000\040\000R\000n\000:\000\040\000a\000\040\000b\000i\000j\000e\000c\000t\000i\000o\000n\000\040\000R\000n\000\040\000R\000n\000\040\000p\000r\000e\000s\000e\000r\000v\000e\000s\000\040\000d\000i\000s\000t\000a\000n\000c\000e}{section.12}% 214
\BOOKMARK [3][-]{subsubsection.12.2.1}{\376\377\000I\000s\000o\000m\000\050\000R\000n\000\051\000:\000\040\000s\000e\000t\000\040\000o\000f\000\040\000a\000l\000l\000\040\000i\000s\000o\000m\000e\000t\000r\000i\000e\000s\000\040\000o\000f\000\040\000R\000n}{subsection.12.2}% 215
\BOOKMARK [3][-]{subsubsection.12.2.2}{\376\377\000I\000s\000o\000m\000\050\000R\000n\000\051\000\040\000i\000s\000\040\000c\000l\000o\000s\000e\000d\000\040\000u\000n\000d\000e\000r\000\040\000\040\000a\000n\000d\000\040\000i\000n\000v\000e\000r\000s\000e}{subsection.12.2}% 216
\BOOKMARK [2][-]{subsection.12.3}{\376\377\000A\000G\000L\000\050\000n\000,\000R\000\051\000,\000\040\000T\000A\000\050\000v\000\051\000=\000A\000v\000:\000\040\000A\000t\000A\000=\000I\000\040\000T\000A\000I\000s\000o\000m\000\050\000R\000n\000\051}{section.12}% 217
\BOOKMARK [2][-]{subsection.12.4}{\376\377\000\040\000L\000i\000n\000e\000a\000r\000\040\000i\000s\000o\000m\000e\000t\000r\000i\000e\000s\000\040\000i\000.\000e\000.\000\040\000o\000r\000t\000h\000o\000g\000o\000n\000a\000l\000\040\000g\000r\000o\000u\000p\000\040\000O\000\050\000n\000\051\000=\000\173\000A\000G\000L\000\050\000n\000,\000R\000\051\000|\000A\000t\000A\000=\000I\000\040\000\175}{section.12}% 218
\BOOKMARK [3][-]{subsubsection.12.4.1}{\376\377\000S\000p\000e\000c\000i\000a\000l\000\040\000o\000r\000t\000h\000o\000g\000o\000n\000a\000l\000\040\000g\000r\000o\000u\000p\000\040\000S\000O\000\050\000n\000\051\000=\000\173\000A\000O\000\050\000n\000\051\000\040\000|\000\040\000d\000e\000t\000\050\000A\000\051\000=\0001\000\175\000:\000\040\000o\000r\000t\000h\000o\000g\000o\000n\000a\000l\000\040\000g\000r\000o\000u\000p\000\040\000w\000i\000t\000h\000\040\000d\000e\000t\000\050\000A\000\051\000=\0001}{subsection.12.4}% 219
\BOOKMARK [2][-]{subsection.12.5}{\376\377\000t\000r\000a\000n\000s\000l\000a\000t\000i\000o\000n\000:\000\040\000v\000\050\000x\000\051\000=\000x\000+\000v}{section.12}% 220
\BOOKMARK [3][-]{subsubsection.12.5.1}{\376\377\000t\000r\000a\000n\000s\000l\000a\000t\000i\000o\000n\000\040\000i\000s\000\040\000a\000n\000\040\000i\000s\000o\000m\000e\000t\000r\000y}{subsection.12.5}% 221
\BOOKMARK [2][-]{subsection.12.6}{\376\377\000T\000h\000e\000\040\000c\000o\000m\000p\000o\000s\000i\000t\000i\000o\000n\000\040\000o\000f\000\040\000a\000\040\000t\000r\000a\000n\000s\000l\000a\000t\000i\000o\000n\000\040\000a\000n\000d\000\040\000a\000n\000\040\000o\000r\000t\000h\000o\000g\000o\000n\000a\000l\000\040\000t\000r\000a\000n\000s\000f\000o\000r\000m\000a\000t\000i\000o\000n\000\040\000i\000s\000\040\000a\000n\000\040\000i\000s\000o\000m\000e\000t\000r\000y\000\040\000A\000,\000v\000\050\000x\000\051\000=\000v\000\050\000T\000A\000\050\000x\000\051\000\051\000=\000A\000x\000+\000v}{section.12}% 222
\BOOKMARK [3][-]{subsubsection.12.6.1}{\376\377\000T\000h\000e\000o\000r\000e\000m\000\040\0002\000.\0005\000.\0003\000:\000\040\000A\000l\000l\000\040\000i\000s\000o\000m\000e\000t\000r\000i\000e\000s\000\040\000c\000a\000n\000\040\000b\000e\000\040\000r\000e\000p\000r\000e\000s\000e\000n\000t\000e\000d\000\040\000b\000y\000\040\000a\000\040\000c\000o\000m\000p\000o\000s\000i\000t\000i\000o\000n\000\040\000o\000f\000\040\000a\000\040\000t\000r\000a\000n\000s\000l\000a\000t\000i\000o\000n\000\040\000a\000n\000d\000\040\000a\000n\000\040\000o\000r\000t\000h\000o\000g\000o\000n\000a\000l\000\040\000t\000r\000a\000n\000s\000f\000o\000r\000m\000a\000t\000i\000o\000n\000,\000\040\000I\000s\000o\000m\000\050\000R\000n\000\051\000=\000\173\000A\000,\000v\000|\000A\000O\000\050\000n\000\051\000,\000\040\000v\000R\000n\000\040\000\175}{subsection.12.6}% 223
\BOOKMARK [1][-]{section.13}{\376\377\000C\000o\000m\000p\000l\000e\000x\000\040\000n\000u\000m\000b\000e\000r\000s}{}% 224
\BOOKMARK [2][-]{subsection.13.1}{\376\377\000G\000e\000o\000m\000e\000t\000r\000i\000c\000\040\000M\000e\000a\000n\000i\000n\000g\000\040\000o\000f\000\040\000A\000d\000d\000i\000t\000i\000o\000n\000\040\000a\000n\000d\000\040\000M\000u\000l\000t\000i\000p\000l\000i\000c\000a\000t\000i\000o\000n}{section.13}% 225
\BOOKMARK [2][-]{subsection.13.2}{\376\377\000T\000h\000e\000o\000r\000e\000m\000\040\0002\000.\0001\000.\0001\000:\000\040\000f\000\050\000x\000\051\000=\000a\0000\000+\000a\0001\000x\000+\000.\000.\000.\000+\000a\000n\000x\000n\000\040\000w\000i\000t\000h\000\040\000c\000o\000e\000f\000f\000i\000c\000i\000e\000n\000t\000s\000\040\000a\0000\000,\000a\0001\000,\000.\000.\000.\000,\000a\000n\000C\000.\000\040\000T\000h\000e\000n\000\040\000f\000\040\000h\000a\000s\000\040\000a\000\040\000r\000o\000o\000t\000\040\000i\000n\000\040\000C\000:\000\040\000C\000\040\000s\000.\000t\000.\000\040\000f\000\050\000\051\000=\0000}{section.13}% 226
\BOOKMARK [3][-]{subsubsection.13.2.1}{\376\377\000C\000o\000r\000o\000l\000l\000a\000r\000y\000\040\0002\000.\0001\000.\0002\000:\000\040\000f\000\050\000x\000\051\000=\000a\000n\000i\000=\0001\000n\000\050\000x\000-\000k\000i\000\051\000=\000a\000n\000\050\000x\000-\000k\0001\000\051\000\050\000x\000-\000k\0002\000\051\000.\000.\000.\000\050\000x\000-\000k\000n\000\051\000,\000\040\000w\000h\000e\000r\000e\000\040\000k\0001\000,\000k\0002\000,\000.\000.\000.\000,\000k\000n\000\040\000a\000r\000e\000\040\000r\000o\000o\000t\000s\000\040\000o\000f\000\040\000f\000\050\000x\000\051}{subsection.13.2}% 227
\BOOKMARK [3][-]{subsubsection.13.2.2}{\376\377\000C\000o\000r\000o\000l\000l\000a\000r\000y\000\040\0002\000.\0001\000.\0003\000:\000\040\000a\000i\000R\000,\000\040\000f\000\040\000c\000a\000n\000\040\000b\000e\000\040\000e\000x\000p\000r\000e\000s\000s\000e\000s\000\040\000a\000s\000\040\000a\000\040\000p\000r\000o\000d\000u\000c\000t\000\040\000o\000f\000\040\000l\000i\000n\000e\000a\000r\000\040\000a\000n\000d\000\040\000q\000u\000a\000d\000r\000a\000t\000i\000c\000\040\000p\000o\000l\000y\000n\000o\000m\000i\000a\000l\000s}{subsection.13.2}% 228
