\BOOKMARK [1][-]{section.1}{\376\377\000F\000u\000n\000c\000t\000i\000o\000n\000\040\000a\000n\000d\000\040\000S\000e\000t}{}% 1
\BOOKMARK [2][-]{subsection.1.1}{\376\377\000F\000u\000n\000c\000t\000i\000o\000n}{section.1}% 2
\BOOKMARK [3][-]{subsubsection.1.1.1}{\376\377\000C\000o\000m\000p\000o\000s\000i\000t\000i\000o\000n\000\040\000o\000f\000\040\000f\000u\000n\000c\000t\000i\000o\000n\000s}{subsection.1.1}% 3
\BOOKMARK [3][-]{subsubsection.1.1.2}{\376\377\000P\000r\000o\000p\000o\000s\000i\000t\000i\000o\000n\000\040\0001\000.\0001\000.\0003\000:\000\040\000A\000s\000s\000o\000c\000i\000a\000t\000i\000v\000i\000t\000y\000\040\000o\000f\000\040\000F\000u\000n\000c\000t\000i\000o\000n\000s}{subsection.1.1}% 4
\BOOKMARK [3][-]{subsubsection.1.1.3}{\376\377\000I\000n\000j\000e\000c\000t\000i\000v\000e\000,\000\040\000s\000u\000r\000j\000e\000c\000t\000i\000v\000e\000,\000\040\000b\000i\000j\000e\000c\000t\000i\000v\000e}{subsection.1.1}% 5
\BOOKMARK [3][-]{subsubsection.1.1.4}{\376\377\000L\000e\000m\000m\000a\000\040\0001\000.\0001\000.\0007\000:\000\040\116\044\116\052\000i\000n\000j\000e\000c\000t\000i\000v\000e\000/\000s\000u\000r\000j\000e\000c\000t\000i\000v\000e\000/\000b\000i\000j\000e\000c\000t\000i\000v\000e\166\204\145\271\172\013\166\204\000c\000o\000m\000p\000o\000s\000i\000t\000i\000o\000n\117\335\165\131\140\047\215\050}{subsection.1.1}% 6
\BOOKMARK [3][-]{subsubsection.1.1.5}{\376\377\000P\000r\000o\000p\000o\000s\000i\000t\000i\000o\000n\000\040\0001\000.\0001\000.\0008\000:\000\040\000I\000n\000v\000e\000r\000s\000e\000\040\000o\000f\000\040\000F\000u\000n\000c\000t\000i\000o\000n}{subsection.1.1}% 7
\BOOKMARK [2][-]{subsection.1.2}{\376\377\000S\000e\000t}{section.1}% 8
\BOOKMARK [3][-]{subsubsection.1.2.1}{\376\377\000W\000e\000l\000l\000\040\000D\000e\000f\000i\000n\000e\000d\000\040\000S\000e\000t}{subsection.1.2}% 9
\BOOKMARK [3][-]{subsubsection.1.2.2}{\376\377\000P\000o\000w\000e\000r\000\040\000S\000e\000t}{subsection.1.2}% 10
\BOOKMARK [3][-]{subsubsection.1.2.3}{\376\377\000C\000a\000r\000d\000i\000n\000a\000l\000i\000t\000i\000e\000s\000\040\000o\000f\000\040\000S\000e\000t\000s\000,\000\040\000P\000i\000g\000e\000o\000n\000h\000o\000l\000e\000\040\000P\000r\000i\000n\000c\000i\000p\000l\000e}{subsection.1.2}% 11
\BOOKMARK [3][-]{subsubsection.1.2.4}{\376\377\000B\000A\000:\000\040\000S\000e\000t\000s\000\040\000o\000f\000\040\000F\000u\000n\000c\000t\000i\000o\000n}{subsection.1.2}% 12
\BOOKMARK [3][-]{subsubsection.1.2.5}{\376\377\000B\000i\000n\000a\000r\000y\000\040\000o\000p\000e\000r\000a\000t\000i\000o\000n\000s\000\040\000o\000n\000\040\000a\000\040\000S\000e\000t\000,\000\040\000a\000s\000s\000o\000c\000i\000a\000t\000i\000v\000e\000,\000\040\000c\000o\000m\000m\000u\000t\000a\000t\000i\000v\000e}{subsection.1.2}% 13
\BOOKMARK [1][-]{section.2}{\376\377\000E\000q\000u\000i\000v\000a\000l\000e\000n\000c\000e\000\040\000r\000e\000l\000a\000t\000i\000o\000n\000s\000\040\000a\000n\000d\000\040\000P\000a\000r\000t\000i\000t\000i\000o\000n}{}% 14
\BOOKMARK [2][-]{subsection.2.1}{\376\377\000E\000q\000u\000i\000v\000a\000l\000e\000n\000c\000e\000\040\000r\000e\000l\000a\000t\000i\000o\000n\000s\377\010\164\006\140\047\173\111\116\367\166\204\133\232\116\111\377\011}{section.2}% 15
\BOOKMARK [2][-]{subsection.2.2}{\376\377\000P\000a\000r\000t\000i\000t\000i\000o\000n\377\010\156\341\215\263\116\015\221\315\123\340\377\014\145\340\122\151\117\131\166\204\000s\000e\000t\142\306\122\006\176\323\147\234\377\011}{section.2}% 16
\BOOKMARK [2][-]{subsection.2.3}{\376\377\000E\000q\000u\000i\000v\000a\000l\000e\000n\000c\000e\000\240\000c\000l\000a\000s\000s}{section.2}% 17
\BOOKMARK [3][-]{subsubsection.2.3.1}{\376\377\000[\000x\000]\000:\000\040\000e\000q\000u\000i\000v\000a\000l\000e\000n\000c\000e\000\240\000c\000l\000a\000s\000s}{subsection.2.3}% 18
\BOOKMARK [3][-]{subsubsection.2.3.2}{\376\377\000X\000/\000:\000\040\000s\000e\000t\000\040\000o\000f\000\040\000e\000q\000u\000i\000v\000a\000l\000e\000n\000c\000e\000\240\000c\000l\000a\000s\000s\000e\000s}{subsection.2.3}% 19
\BOOKMARK [2][-]{subsection.2.4}{\376\377\000R\000e\000l\000a\000t\000i\000o\000n\000s\000h\000i\000p\000\040\000o\000f\000\040\000E\000q\000u\000i\000v\000a\000l\000e\000n\000c\000e\000\040\000r\000e\000l\000a\000t\000i\000o\000n\000,\000\040\000S\000e\000t\000\040\000o\000f\000\040\000e\000q\000u\000i\000v\000a\000l\000e\000n\000c\000e\000\240\000c\000l\000a\000s\000s\000e\000s\000\040\000a\000n\000d\000\040\000P\000a\000r\000t\000i\000t\000i\000o\000n\000s}{section.2}% 20
\BOOKMARK [3][-]{subsubsection.2.4.1}{\376\377\000T\000h\000e\000o\000r\000e\000m\000\240\0001\000.\0002\000.\0007\000:\000\040\000E\000q\000u\000i\000v\000a\000l\000e\000n\000c\000e\000\040\000r\000e\000l\000a\000t\000i\000o\000n\000\040\000\040\000\040\000S\000e\000t\000\040\000o\000f\000\040\000e\000q\000u\000i\000v\000a\000l\000e\000n\000c\000e\000\240\000c\000l\000a\000s\000s\000e\000s\000\040\000X\000/\000;\000\040\000\173\000a\000l\000l\000\040\000S\000e\000t\000s\000\040\000o\000f\000\040\000e\000q\000u\000i\000v\000a\000l\000e\000n\000c\000e\000\240\000c\000l\000a\000s\000s\000e\000s\000\175\000=\000\173\000a\000l\000l\000\040\000P\000a\000r\000t\000i\000t\000i\000o\000n\000s\000\175}{subsection.2.4}% 21
\BOOKMARK [3][-]{subsubsection.2.4.2}{\376\377\000P\000r\000o\000p\000o\000s\000i\000t\000i\000o\000n\000\040\0001\000.\0002\000.\0001\0002\000:\000\040\150\071\143\156\176\323\147\234\000X\000/\000=\000\173\000[\000x\000]\000|\000x\000X\000\175\143\250\145\255\166\204\000\040\000e\000q\000u\000a\000l\000s\000\040\000t\000o\000\040\000.}{subsection.2.4}% 22
\BOOKMARK [3][-]{subsubsection.2.4.3}{\376\377\000P\000r\000o\000p\000o\000s\000i\000t\000i\000o\000n\000\040\0001\000.\0002\000.\0001\0003\000:\000\040\176\331\000X\150\007\213\260\000Y\000:\000\040\000f\000,\000\040\176\331\000X\000/\150\007\213\260\000Y\000\040\000:\000\040\377\014\377\033\116\044\121\375\145\160\116\113\225\364\116\000\116\000\133\371\136\224}{subsection.2.4}% 23
\BOOKMARK [1][-]{section.3}{\376\377\000P\000e\000r\000m\000u\000t\000a\000t\000i\000o\000n\000s\000\040\145\071\123\330\117\115\177\156}{}% 24
\BOOKMARK [2][-]{subsection.3.1}{\376\377\000S\000y\000m\000\050\000X\000\051\000=\000\173\000:\000\040\000X\000X\000|\000\040\000\040\000i\000s\000\040\000a\000\040\000b\000i\000j\000e\000c\000t\000i\000o\000n\000\040\000\175\000:\000\040\000p\000e\000r\000m\000u\000t\000a\000t\000i\000o\000n\000\040\000g\000r\000o\000u\000p\000\040\000o\000f\000\040\000X\000;\000\040\000e\000l\000e\000m\000e\000n\000t\000s\000\040\000i\000n\000\040\000S\000y\000m\000\050\000X\000\051\000:\000\040\000p\000e\000r\000m\000u\000t\000a\000t\000i\000o\000n\000s\000\040\000o\000f\000\040\000X}{section.3}% 25
\BOOKMARK [3][-]{subsubsection.3.1.1}{\376\377\000P\000r\000o\000p\000e\000r\000t\000i\000e\000s\000\040\000o\000f\000\040\000\040\000o\000n\000\040\000S\000y\000m\000\050\000X\000\051}{subsection.3.1}% 26
\BOOKMARK [3][-]{subsubsection.3.1.2}{\376\377\000S\000n\000:\000\040\000P\000e\000r\000m\000u\000t\000a\000t\000i\000o\000n\000\040\000g\000r\000o\000u\000p\000\040\000o\000n\000\040\000n\000\040\000e\000l\000e\000m\000e\000n\000t\000s\000,\000\040\000i}{subsection.3.1}% 27
\BOOKMARK [3][-]{subsubsection.3.1.3}{\376\377\000k\000-\000c\000y\000c\000l\000e\000,\000\040\000c\000y\000c\000l\000i\000c\000a\000l\000l\000y\000\040\000p\000e\000r\000m\000u\000t\000e\000/\000f\000i\000x}{subsection.3.1}% 28
\BOOKMARK [2][-]{subsection.3.2}{\376\377\000D\000i\000s\000j\000o\000i\000n\000t\000\040\000c\000y\000c\000l\000e\000s}{section.3}% 29
\BOOKMARK [3][-]{subsubsection.3.2.1}{\376\377\000T\000h\000e\000o\000r\000e\000m\000:\000\040\000E\000v\000e\000r\000y\000\040\000p\000e\000r\000m\000u\000t\000a\000t\000i\000o\000n\000\040\000i\000s\000\040\000a\000\040\000u\000n\000i\000o\000n\000\040\000o\000f\000\040\000d\000i\000s\000j\000o\000i\000n\000t\000\040\000c\000y\000c\000l\000e\000s\000,\000\040\000u\000n\000i\000q\000u\000e\000l\000y\000.}{subsection.3.2}% 30
\BOOKMARK [2][-]{subsection.3.3}{\376\377\000T\000r\000a\000n\000s\000p\000o\000s\000i\000t\000i\000o\000n}{section.3}% 31
\BOOKMARK [3][-]{subsubsection.3.3.1}{\376\377\000T\000h\000e\000o\000r\000e\000m\000:\000\040\153\317\116\052\000p\000e\000r\000m\000u\000t\000a\000t\000i\000o\000n\123\357\116\345\165\061\202\345\136\162\116\052\377\010\123\357\200\375\116\015\000d\000i\000s\000j\000o\000i\000n\000t\166\204\377\011\000t\000r\000a\000n\000s\000p\000o\000s\000i\000t\000i\000o\000n\210\150\171\072}{subsection.3.3}% 32
\BOOKMARK [3][-]{subsubsection.3.3.2}{\376\377\000S\000i\000g\000n\000\040\000o\000f\000\040\000P\000e\000r\000m\000u\000t\000a\000t\000i\000o\000n}{subsection.3.3}% 33
